2024-08-17 05:02:33 Notice: Notice (8): Undefined index: REQUEST_METHOD in [C:\xampp\htdocs\xampp\Clothing\config\bootstrap.php, line 219]
Trace:
Cake\Error\BaseErrorHandler::handleError() - CORE\src\Error\BaseErrorHandler.php, line 188
require_once - ROOT\config\bootstrap.php, line 219
Cake\Http\BaseApplication::bootstrap() - CORE\src\Http\BaseApplication.php, line 172
App\Application::bootstrap() - APP/Application.php, line 59
Cake\Console\CommandRunner::bootstrap() - CORE\src\Console\CommandRunner.php, line 195
Cake\Console\CommandRunner::run() - CORE\src\Console\CommandRunner.php, line 133
[main] - ROOT\bin\cake.php, line 12

2024-08-17 05:02:33 Notice: Notice (8): Undefined index: REQUEST_METHOD in [C:\xampp\htdocs\xampp\Clothing\config\bootstrap.php, line 232]
Trace:
Cake\Error\BaseErrorHandler::handleError() - CORE\src\Error\BaseErrorHandler.php, line 188
require_once - ROOT\config\bootstrap.php, line 232
Cake\Http\BaseApplication::bootstrap() - CORE\src\Http\BaseApplication.php, line 172
App\Application::bootstrap() - APP/Application.php, line 59
Cake\Console\CommandRunner::bootstrap() - CORE\src\Console\CommandRunner.php, line 195
Cake\Console\CommandRunner::run() - CORE\src\Console\CommandRunner.php, line 133
[main] - ROOT\bin\cake.php, line 12

2024-08-17 18:08:04 Notice: Notice (8): Undefined index: REQUEST_METHOD in [C:\xampp\htdocs\xampp\Clothing\config\bootstrap.php, line 219]
Trace:
Cake\Error\BaseErrorHandler::handleError() - CORE\src\Error\BaseErrorHandler.php, line 188
require_once - ROOT\config\bootstrap.php, line 219
Cake\Http\BaseApplication::bootstrap() - CORE\src\Http\BaseApplication.php, line 172
App\Application::bootstrap() - APP/Application.php, line 59
Cake\Console\CommandRunner::bootstrap() - CORE\src\Console\CommandRunner.php, line 195
Cake\Console\CommandRunner::run() - CORE\src\Console\CommandRunner.php, line 133
[main] - ROOT\bin\cake.php, line 12

2024-08-17 18:08:04 Notice: Notice (8): Undefined index: REQUEST_METHOD in [C:\xampp\htdocs\xampp\Clothing\config\bootstrap.php, line 232]
Trace:
Cake\Error\BaseErrorHandler::handleError() - CORE\src\Error\BaseErrorHandler.php, line 188
require_once - ROOT\config\bootstrap.php, line 232
Cake\Http\BaseApplication::bootstrap() - CORE\src\Http\BaseApplication.php, line 172
App\Application::bootstrap() - APP/Application.php, line 59
Cake\Console\CommandRunner::bootstrap() - CORE\src\Console\CommandRunner.php, line 195
Cake\Console\CommandRunner::run() - CORE\src\Console\CommandRunner.php, line 133
[main] - ROOT\bin\cake.php, line 12

2024-08-19 04:47:07 Notice: Notice (8): Undefined index: REQUEST_METHOD in [C:\xampp\htdocs\xampp\Clothing\config\bootstrap.php, line 219]
Trace:
Cake\Error\BaseErrorHandler::handleError() - CORE\src\Error\BaseErrorHandler.php, line 188
require_once - ROOT\config\bootstrap.php, line 219
Cake\Http\BaseApplication::bootstrap() - CORE\src\Http\BaseApplication.php, line 172
App\Application::bootstrap() - APP/Application.php, line 59
Cake\Console\CommandRunner::bootstrap() - CORE\src\Console\CommandRunner.php, line 195
Cake\Console\CommandRunner::run() - CORE\src\Console\CommandRunner.php, line 133
[main] - ROOT\bin\cake.php, line 12

2024-08-19 04:47:07 Notice: Notice (8): Undefined index: REQUEST_METHOD in [C:\xampp\htdocs\xampp\Clothing\config\bootstrap.php, line 232]
Trace:
Cake\Error\BaseErrorHandler::handleError() - CORE\src\Error\BaseErrorHandler.php, line 188
require_once - ROOT\config\bootstrap.php, line 232
Cake\Http\BaseApplication::bootstrap() - CORE\src\Http\BaseApplication.php, line 172
App\Application::bootstrap() - APP/Application.php, line 59
Cake\Console\CommandRunner::bootstrap() - CORE\src\Console\CommandRunner.php, line 195
Cake\Console\CommandRunner::run() - CORE\src\Console\CommandRunner.php, line 133
[main] - ROOT\bin\cake.php, line 12

2024-08-20 11:52:12 Notice: Notice (8): Undefined index: REQUEST_METHOD in [C:\xampp\htdocs\xampp\Clothing\config\bootstrap.php, line 219]
Trace:
Cake\Error\BaseErrorHandler::handleError() - CORE\src\Error\BaseErrorHandler.php, line 188
require_once - ROOT\config\bootstrap.php, line 219
Cake\Http\BaseApplication::bootstrap() - CORE\src\Http\BaseApplication.php, line 172
App\Application::bootstrap() - APP/Application.php, line 59
Cake\Console\CommandRunner::bootstrap() - CORE\src\Console\CommandRunner.php, line 195
Cake\Console\CommandRunner::run() - CORE\src\Console\CommandRunner.php, line 133
[main] - ROOT\bin\cake.php, line 12

2024-08-20 11:52:12 Notice: Notice (8): Undefined index: REQUEST_METHOD in [C:\xampp\htdocs\xampp\Clothing\config\bootstrap.php, line 232]
Trace:
Cake\Error\BaseErrorHandler::handleError() - CORE\src\Error\BaseErrorHandler.php, line 188
require_once - ROOT\config\bootstrap.php, line 232
Cake\Http\BaseApplication::bootstrap() - CORE\src\Http\BaseApplication.php, line 172
App\Application::bootstrap() - APP/Application.php, line 59
Cake\Console\CommandRunner::bootstrap() - CORE\src\Console\CommandRunner.php, line 195
Cake\Console\CommandRunner::run() - CORE\src\Console\CommandRunner.php, line 133
[main] - ROOT\bin\cake.php, line 12

2024-08-21 05:05:00 Notice: Notice (8): Undefined index: REQUEST_METHOD in [C:\xampp\htdocs\xampp\Clothing\config\bootstrap.php, line 219]
Trace:
Cake\Error\BaseErrorHandler::handleError() - CORE\src\Error\BaseErrorHandler.php, line 188
require_once - ROOT\config\bootstrap.php, line 219
Cake\Http\BaseApplication::bootstrap() - CORE\src\Http\BaseApplication.php, line 172
App\Application::bootstrap() - APP/Application.php, line 59
Cake\Console\CommandRunner::bootstrap() - CORE\src\Console\CommandRunner.php, line 195
Cake\Console\CommandRunner::run() - CORE\src\Console\CommandRunner.php, line 133
[main] - ROOT\bin\cake.php, line 12

2024-08-21 05:05:00 Notice: Notice (8): Undefined index: REQUEST_METHOD in [C:\xampp\htdocs\xampp\Clothing\config\bootstrap.php, line 232]
Trace:
Cake\Error\BaseErrorHandler::handleError() - CORE\src\Error\BaseErrorHandler.php, line 188
require_once - ROOT\config\bootstrap.php, line 232
Cake\Http\BaseApplication::bootstrap() - CORE\src\Http\BaseApplication.php, line 172
App\Application::bootstrap() - APP/Application.php, line 59
Cake\Console\CommandRunner::bootstrap() - CORE\src\Console\CommandRunner.php, line 195
Cake\Console\CommandRunner::run() - CORE\src\Console\CommandRunner.php, line 133
[main] - ROOT\bin\cake.php, line 12

2024-08-21 09:26:23 Notice: Notice (8): Undefined index: REQUEST_METHOD in [C:\xampp\htdocs\xampp\Clothing\config\bootstrap.php, line 219]
Trace:
Cake\Error\BaseErrorHandler::handleError() - CORE\src\Error\BaseErrorHandler.php, line 188
require_once - ROOT\config\bootstrap.php, line 219
Cake\Http\BaseApplication::bootstrap() - CORE\src\Http\BaseApplication.php, line 172
App\Application::bootstrap() - APP/Application.php, line 59
Cake\Console\CommandRunner::bootstrap() - CORE\src\Console\CommandRunner.php, line 195
Cake\Console\CommandRunner::run() - CORE\src\Console\CommandRunner.php, line 133
[main] - ROOT\bin\cake.php, line 12

2024-08-21 09:26:23 Notice: Notice (8): Undefined index: REQUEST_METHOD in [C:\xampp\htdocs\xampp\Clothing\config\bootstrap.php, line 232]
Trace:
Cake\Error\BaseErrorHandler::handleError() - CORE\src\Error\BaseErrorHandler.php, line 188
require_once - ROOT\config\bootstrap.php, line 232
Cake\Http\BaseApplication::bootstrap() - CORE\src\Http\BaseApplication.php, line 172
App\Application::bootstrap() - APP/Application.php, line 59
Cake\Console\CommandRunner::bootstrap() - CORE\src\Console\CommandRunner.php, line 195
Cake\Console\CommandRunner::run() - CORE\src\Console\CommandRunner.php, line 133
[main] - ROOT\bin\cake.php, line 12

2024-08-21 13:55:38 Notice: Notice (8): Undefined index: REQUEST_METHOD in [C:\xampp\htdocs\xampp\Clothing\config\bootstrap.php, line 219]
Trace:
Cake\Error\BaseErrorHandler::handleError() - CORE\src\Error\BaseErrorHandler.php, line 188
require_once - ROOT\config\bootstrap.php, line 219
Cake\Http\BaseApplication::bootstrap() - CORE\src\Http\BaseApplication.php, line 172
App\Application::bootstrap() - APP/Application.php, line 59
Cake\Console\CommandRunner::bootstrap() - CORE\src\Console\CommandRunner.php, line 195
Cake\Console\CommandRunner::run() - CORE\src\Console\CommandRunner.php, line 133
[main] - ROOT\bin\cake.php, line 12

2024-08-21 13:55:38 Notice: Notice (8): Undefined index: REQUEST_METHOD in [C:\xampp\htdocs\xampp\Clothing\config\bootstrap.php, line 232]
Trace:
Cake\Error\BaseErrorHandler::handleError() - CORE\src\Error\BaseErrorHandler.php, line 188
require_once - ROOT\config\bootstrap.php, line 232
Cake\Http\BaseApplication::bootstrap() - CORE\src\Http\BaseApplication.php, line 172
App\Application::bootstrap() - APP/Application.php, line 59
Cake\Console\CommandRunner::bootstrap() - CORE\src\Console\CommandRunner.php, line 195
Cake\Console\CommandRunner::run() - CORE\src\Console\CommandRunner.php, line 133
[main] - ROOT\bin\cake.php, line 12

2024-08-21 14:48:30 Notice: Notice (8): Undefined index: REQUEST_METHOD in [C:\xampp\htdocs\xampp\Clothing\config\bootstrap.php, line 219]
Trace:
Cake\Error\BaseErrorHandler::handleError() - CORE\src\Error\BaseErrorHandler.php, line 188
require_once - ROOT\config\bootstrap.php, line 219
Cake\Http\BaseApplication::bootstrap() - CORE\src\Http\BaseApplication.php, line 172
App\Application::bootstrap() - APP/Application.php, line 59
Cake\Console\CommandRunner::bootstrap() - CORE\src\Console\CommandRunner.php, line 195
Cake\Console\CommandRunner::run() - CORE\src\Console\CommandRunner.php, line 133
[main] - ROOT\bin\cake.php, line 12

2024-08-21 14:48:30 Notice: Notice (8): Undefined index: REQUEST_METHOD in [C:\xampp\htdocs\xampp\Clothing\config\bootstrap.php, line 232]
Trace:
Cake\Error\BaseErrorHandler::handleError() - CORE\src\Error\BaseErrorHandler.php, line 188
require_once - ROOT\config\bootstrap.php, line 232
Cake\Http\BaseApplication::bootstrap() - CORE\src\Http\BaseApplication.php, line 172
App\Application::bootstrap() - APP/Application.php, line 59
Cake\Console\CommandRunner::bootstrap() - CORE\src\Console\CommandRunner.php, line 195
Cake\Console\CommandRunner::run() - CORE\src\Console\CommandRunner.php, line 133
[main] - ROOT\bin\cake.php, line 12

2024-08-21 14:57:56 Notice: Notice (8): Undefined index: REQUEST_METHOD in [C:\xampp\htdocs\xampp\Clothing\config\bootstrap.php, line 219]
Trace:
Cake\Error\BaseErrorHandler::handleError() - CORE\src\Error\BaseErrorHandler.php, line 188
require_once - ROOT\config\bootstrap.php, line 219
Cake\Http\BaseApplication::bootstrap() - CORE\src\Http\BaseApplication.php, line 172
App\Application::bootstrap() - APP/Application.php, line 59
Cake\Console\CommandRunner::bootstrap() - CORE\src\Console\CommandRunner.php, line 195
Cake\Console\CommandRunner::run() - CORE\src\Console\CommandRunner.php, line 133
[main] - ROOT\bin\cake.php, line 12

2024-08-21 14:57:56 Notice: Notice (8): Undefined index: REQUEST_METHOD in [C:\xampp\htdocs\xampp\Clothing\config\bootstrap.php, line 232]
Trace:
Cake\Error\BaseErrorHandler::handleError() - CORE\src\Error\BaseErrorHandler.php, line 188
require_once - ROOT\config\bootstrap.php, line 232
Cake\Http\BaseApplication::bootstrap() - CORE\src\Http\BaseApplication.php, line 172
App\Application::bootstrap() - APP/Application.php, line 59
Cake\Console\CommandRunner::bootstrap() - CORE\src\Console\CommandRunner.php, line 195
Cake\Console\CommandRunner::run() - CORE\src\Console\CommandRunner.php, line 133
[main] - ROOT\bin\cake.php, line 12

2024-08-21 14:58:05 Notice: Notice (8): Undefined index: REQUEST_METHOD in [C:\xampp\htdocs\xampp\Clothing\config\bootstrap.php, line 219]
Trace:
Cake\Error\BaseErrorHandler::handleError() - CORE\src\Error\BaseErrorHandler.php, line 188
require_once - ROOT\config\bootstrap.php, line 219
Cake\Http\BaseApplication::bootstrap() - CORE\src\Http\BaseApplication.php, line 172
App\Application::bootstrap() - APP/Application.php, line 59
Cake\Console\CommandRunner::bootstrap() - CORE\src\Console\CommandRunner.php, line 195
Cake\Console\CommandRunner::run() - CORE\src\Console\CommandRunner.php, line 133
[main] - ROOT\bin\cake.php, line 12

2024-08-21 14:58:05 Notice: Notice (8): Undefined index: REQUEST_METHOD in [C:\xampp\htdocs\xampp\Clothing\config\bootstrap.php, line 232]
Trace:
Cake\Error\BaseErrorHandler::handleError() - CORE\src\Error\BaseErrorHandler.php, line 188
require_once - ROOT\config\bootstrap.php, line 232
Cake\Http\BaseApplication::bootstrap() - CORE\src\Http\BaseApplication.php, line 172
App\Application::bootstrap() - APP/Application.php, line 59
Cake\Console\CommandRunner::bootstrap() - CORE\src\Console\CommandRunner.php, line 195
Cake\Console\CommandRunner::run() - CORE\src\Console\CommandRunner.php, line 133
[main] - ROOT\bin\cake.php, line 12

2024-08-21 14:58:14 Notice: Notice (8): Undefined index: REQUEST_METHOD in [C:\xampp\htdocs\xampp\Clothing\config\bootstrap.php, line 219]
Trace:
Cake\Error\BaseErrorHandler::handleError() - CORE\src\Error\BaseErrorHandler.php, line 188
require_once - ROOT\config\bootstrap.php, line 219
Cake\Http\BaseApplication::bootstrap() - CORE\src\Http\BaseApplication.php, line 172
App\Application::bootstrap() - APP/Application.php, line 59
Cake\Console\CommandRunner::bootstrap() - CORE\src\Console\CommandRunner.php, line 195
Cake\Console\CommandRunner::run() - CORE\src\Console\CommandRunner.php, line 133
[main] - ROOT\bin\cake.php, line 12

2024-08-21 14:58:14 Notice: Notice (8): Undefined index: REQUEST_METHOD in [C:\xampp\htdocs\xampp\Clothing\config\bootstrap.php, line 232]
Trace:
Cake\Error\BaseErrorHandler::handleError() - CORE\src\Error\BaseErrorHandler.php, line 188
require_once - ROOT\config\bootstrap.php, line 232
Cake\Http\BaseApplication::bootstrap() - CORE\src\Http\BaseApplication.php, line 172
App\Application::bootstrap() - APP/Application.php, line 59
Cake\Console\CommandRunner::bootstrap() - CORE\src\Console\CommandRunner.php, line 195
Cake\Console\CommandRunner::run() - CORE\src\Console\CommandRunner.php, line 133
[main] - ROOT\bin\cake.php, line 12

