2024-08-16 07:32:30 Notice: Notice (8): Undefined variable: Length in [C:\xampp\htdocs\xampp\Clothing\templates\Dashboards\view.php, line 23]
Request URL: /Dashboards/view
Referer URL: http://localhost:8765/waterjets
Trace:
Cake\Error\BaseErrorHandler::handleError() - CORE\src\Error\BaseErrorHandler.php, line 188
DebugKit\Plugin::DebugKit\{closure}() - ROOT\vendor\cakephp\debug_kit\src\Plugin.php, line 105
include - ROOT\templates\Dashboards\view.php, line 23
Cake\View\View::_evaluate() - CORE\src\View\View.php, line 1176
Cake\View\View::_render() - CORE\src\View\View.php, line 1134
Cake\View\View::render() - CORE\src\View\View.php, line 764
Cake\Controller\Controller::render() - CORE\src\Controller\Controller.php, line 699
Cake\Controller\Controller::invokeAction() - CORE\src\Controller\Controller.php, line 540
Cake\Controller\ControllerFactory::invoke() - CORE\src\Controller\ControllerFactory.php, line 149
Cake\Http\BaseApplication::handle() - CORE\src\Http\BaseApplication.php, line 313
Cake\Http\Runner::handle() - CORE\src\Http\Runner.php, line 77
Authentication\Middleware\AuthenticationMiddleware::process() - ROOT\vendor\cakephp\authentication\src\Middleware\AuthenticationMiddleware.php, line 124
Cake\Http\Runner::handle() - CORE\src\Http\Runner.php, line 73
Cake\Http\Middleware\BodyParserMiddleware::process() - CORE\src\Http\Middleware\BodyParserMiddleware.php, line 157
Cake\Http\Runner::handle() - CORE\src\Http\Runner.php, line 73
Cake\Routing\Middleware\RoutingMiddleware::process() - CORE\src\Routing\Middleware\RoutingMiddleware.php, line 161
Cake\Http\Runner::handle() - CORE\src\Http\Runner.php, line 73
Cake\Routing\Middleware\AssetMiddleware::process() - CORE\src\Routing\Middleware\AssetMiddleware.php, line 68
Cake\Http\Runner::handle() - CORE\src\Http\Runner.php, line 73
Cake\Error\Middleware\ErrorHandlerMiddleware::process() - CORE\src\Error\Middleware\ErrorHandlerMiddleware.php, line 126
Cake\Http\Runner::handle() - CORE\src\Http\Runner.php, line 73
DebugKit\Middleware\DebugKitMiddleware::process() - ROOT\vendor\cakephp\debug_kit\src\Middleware\DebugKitMiddleware.php, line 60
Cake\Http\Runner::handle() - CORE\src\Http\Runner.php, line 73
Cake\Http\Runner::run() - CORE\src\Http\Runner.php, line 58
Cake\Http\Server::run() - CORE\src\Http\Server.php, line 90
[main] - ROOT\webroot\index.php, line 40

2024-08-16 07:32:30 Notice: Notice (8): Undefined variable: Length in [C:\xampp\htdocs\xampp\Clothing\templates\Dashboards\view.php, line 40]
Request URL: /Dashboards/view
Referer URL: http://localhost:8765/waterjets
Trace:
Cake\Error\BaseErrorHandler::handleError() - CORE\src\Error\BaseErrorHandler.php, line 188
DebugKit\Plugin::DebugKit\{closure}() - ROOT\vendor\cakephp\debug_kit\src\Plugin.php, line 105
include - ROOT\templates\Dashboards\view.php, line 40
Cake\View\View::_evaluate() - CORE\src\View\View.php, line 1176
Cake\View\View::_render() - CORE\src\View\View.php, line 1134
Cake\View\View::render() - CORE\src\View\View.php, line 764
Cake\Controller\Controller::render() - CORE\src\Controller\Controller.php, line 699
Cake\Controller\Controller::invokeAction() - CORE\src\Controller\Controller.php, line 540
Cake\Controller\ControllerFactory::invoke() - CORE\src\Controller\ControllerFactory.php, line 149
Cake\Http\BaseApplication::handle() - CORE\src\Http\BaseApplication.php, line 313
Cake\Http\Runner::handle() - CORE\src\Http\Runner.php, line 77
Authentication\Middleware\AuthenticationMiddleware::process() - ROOT\vendor\cakephp\authentication\src\Middleware\AuthenticationMiddleware.php, line 124
Cake\Http\Runner::handle() - CORE\src\Http\Runner.php, line 73
Cake\Http\Middleware\BodyParserMiddleware::process() - CORE\src\Http\Middleware\BodyParserMiddleware.php, line 157
Cake\Http\Runner::handle() - CORE\src\Http\Runner.php, line 73
Cake\Routing\Middleware\RoutingMiddleware::process() - CORE\src\Routing\Middleware\RoutingMiddleware.php, line 161
Cake\Http\Runner::handle() - CORE\src\Http\Runner.php, line 73
Cake\Routing\Middleware\AssetMiddleware::process() - CORE\src\Routing\Middleware\AssetMiddleware.php, line 68
Cake\Http\Runner::handle() - CORE\src\Http\Runner.php, line 73
Cake\Error\Middleware\ErrorHandlerMiddleware::process() - CORE\src\Error\Middleware\ErrorHandlerMiddleware.php, line 126
Cake\Http\Runner::handle() - CORE\src\Http\Runner.php, line 73
DebugKit\Middleware\DebugKitMiddleware::process() - ROOT\vendor\cakephp\debug_kit\src\Middleware\DebugKitMiddleware.php, line 60
Cake\Http\Runner::handle() - CORE\src\Http\Runner.php, line 73
Cake\Http\Runner::run() - CORE\src\Http\Runner.php, line 58
Cake\Http\Server::run() - CORE\src\Http\Server.php, line 90
[main] - ROOT\webroot\index.php, line 40

2024-08-16 07:32:30 Notice: Notice (8): Undefined variable: Length in [C:\xampp\htdocs\xampp\Clothing\templates\Dashboards\view.php, line 40]
Request URL: /Dashboards/view
Referer URL: http://localhost:8765/waterjets
Trace:
Cake\Error\BaseErrorHandler::handleError() - CORE\src\Error\BaseErrorHandler.php, line 188
DebugKit\Plugin::DebugKit\{closure}() - ROOT\vendor\cakephp\debug_kit\src\Plugin.php, line 105
include - ROOT\templates\Dashboards\view.php, line 40
Cake\View\View::_evaluate() - CORE\src\View\View.php, line 1176
Cake\View\View::_render() - CORE\src\View\View.php, line 1134
Cake\View\View::render() - CORE\src\View\View.php, line 764
Cake\Controller\Controller::render() - CORE\src\Controller\Controller.php, line 699
Cake\Controller\Controller::invokeAction() - CORE\src\Controller\Controller.php, line 540
Cake\Controller\ControllerFactory::invoke() - CORE\src\Controller\ControllerFactory.php, line 149
Cake\Http\BaseApplication::handle() - CORE\src\Http\BaseApplication.php, line 313
Cake\Http\Runner::handle() - CORE\src\Http\Runner.php, line 77
Authentication\Middleware\AuthenticationMiddleware::process() - ROOT\vendor\cakephp\authentication\src\Middleware\AuthenticationMiddleware.php, line 124
Cake\Http\Runner::handle() - CORE\src\Http\Runner.php, line 73
Cake\Http\Middleware\BodyParserMiddleware::process() - CORE\src\Http\Middleware\BodyParserMiddleware.php, line 157
Cake\Http\Runner::handle() - CORE\src\Http\Runner.php, line 73
Cake\Routing\Middleware\RoutingMiddleware::process() - CORE\src\Routing\Middleware\RoutingMiddleware.php, line 161
Cake\Http\Runner::handle() - CORE\src\Http\Runner.php, line 73
Cake\Routing\Middleware\AssetMiddleware::process() - CORE\src\Routing\Middleware\AssetMiddleware.php, line 68
Cake\Http\Runner::handle() - CORE\src\Http\Runner.php, line 73
Cake\Error\Middleware\ErrorHandlerMiddleware::process() - CORE\src\Error\Middleware\ErrorHandlerMiddleware.php, line 126
Cake\Http\Runner::handle() - CORE\src\Http\Runner.php, line 73
DebugKit\Middleware\DebugKitMiddleware::process() - ROOT\vendor\cakephp\debug_kit\src\Middleware\DebugKitMiddleware.php, line 60
Cake\Http\Runner::handle() - CORE\src\Http\Runner.php, line 73
Cake\Http\Runner::run() - CORE\src\Http\Runner.php, line 58
Cake\Http\Server::run() - CORE\src\Http\Server.php, line 90
[main] - ROOT\webroot\index.php, line 40

2024-08-16 07:32:30 Notice: Notice (8): Undefined variable: Length in [C:\xampp\htdocs\xampp\Clothing\templates\Dashboards\view.php, line 40]
Request URL: /Dashboards/view
Referer URL: http://localhost:8765/waterjets
Trace:
Cake\Error\BaseErrorHandler::handleError() - CORE\src\Error\BaseErrorHandler.php, line 188
DebugKit\Plugin::DebugKit\{closure}() - ROOT\vendor\cakephp\debug_kit\src\Plugin.php, line 105
include - ROOT\templates\Dashboards\view.php, line 40
Cake\View\View::_evaluate() - CORE\src\View\View.php, line 1176
Cake\View\View::_render() - CORE\src\View\View.php, line 1134
Cake\View\View::render() - CORE\src\View\View.php, line 764
Cake\Controller\Controller::render() - CORE\src\Controller\Controller.php, line 699
Cake\Controller\Controller::invokeAction() - CORE\src\Controller\Controller.php, line 540
Cake\Controller\ControllerFactory::invoke() - CORE\src\Controller\ControllerFactory.php, line 149
Cake\Http\BaseApplication::handle() - CORE\src\Http\BaseApplication.php, line 313
Cake\Http\Runner::handle() - CORE\src\Http\Runner.php, line 77
Authentication\Middleware\AuthenticationMiddleware::process() - ROOT\vendor\cakephp\authentication\src\Middleware\AuthenticationMiddleware.php, line 124
Cake\Http\Runner::handle() - CORE\src\Http\Runner.php, line 73
Cake\Http\Middleware\BodyParserMiddleware::process() - CORE\src\Http\Middleware\BodyParserMiddleware.php, line 157
Cake\Http\Runner::handle() - CORE\src\Http\Runner.php, line 73
Cake\Routing\Middleware\RoutingMiddleware::process() - CORE\src\Routing\Middleware\RoutingMiddleware.php, line 161
Cake\Http\Runner::handle() - CORE\src\Http\Runner.php, line 73
Cake\Routing\Middleware\AssetMiddleware::process() - CORE\src\Routing\Middleware\AssetMiddleware.php, line 68
Cake\Http\Runner::handle() - CORE\src\Http\Runner.php, line 73
Cake\Error\Middleware\ErrorHandlerMiddleware::process() - CORE\src\Error\Middleware\ErrorHandlerMiddleware.php, line 126
Cake\Http\Runner::handle() - CORE\src\Http\Runner.php, line 73
DebugKit\Middleware\DebugKitMiddleware::process() - ROOT\vendor\cakephp\debug_kit\src\Middleware\DebugKitMiddleware.php, line 60
Cake\Http\Runner::handle() - CORE\src\Http\Runner.php, line 73
Cake\Http\Runner::run() - CORE\src\Http\Runner.php, line 58
Cake\Http\Server::run() - CORE\src\Http\Server.php, line 90
[main] - ROOT\webroot\index.php, line 40

2024-08-16 07:32:30 Notice: Notice (8): Undefined variable: Length in [C:\xampp\htdocs\xampp\Clothing\templates\Dashboards\view.php, line 40]
Request URL: /Dashboards/view
Referer URL: http://localhost:8765/waterjets
Trace:
Cake\Error\BaseErrorHandler::handleError() - CORE\src\Error\BaseErrorHandler.php, line 188
DebugKit\Plugin::DebugKit\{closure}() - ROOT\vendor\cakephp\debug_kit\src\Plugin.php, line 105
include - ROOT\templates\Dashboards\view.php, line 40
Cake\View\View::_evaluate() - CORE\src\View\View.php, line 1176
Cake\View\View::_render() - CORE\src\View\View.php, line 1134
Cake\View\View::render() - CORE\src\View\View.php, line 764
Cake\Controller\Controller::render() - CORE\src\Controller\Controller.php, line 699
Cake\Controller\Controller::invokeAction() - CORE\src\Controller\Controller.php, line 540
Cake\Controller\ControllerFactory::invoke() - CORE\src\Controller\ControllerFactory.php, line 149
Cake\Http\BaseApplication::handle() - CORE\src\Http\BaseApplication.php, line 313
Cake\Http\Runner::handle() - CORE\src\Http\Runner.php, line 77
Authentication\Middleware\AuthenticationMiddleware::process() - ROOT\vendor\cakephp\authentication\src\Middleware\AuthenticationMiddleware.php, line 124
Cake\Http\Runner::handle() - CORE\src\Http\Runner.php, line 73
Cake\Http\Middleware\BodyParserMiddleware::process() - CORE\src\Http\Middleware\BodyParserMiddleware.php, line 157
Cake\Http\Runner::handle() - CORE\src\Http\Runner.php, line 73
Cake\Routing\Middleware\RoutingMiddleware::process() - CORE\src\Routing\Middleware\RoutingMiddleware.php, line 161
Cake\Http\Runner::handle() - CORE\src\Http\Runner.php, line 73
Cake\Routing\Middleware\AssetMiddleware::process() - CORE\src\Routing\Middleware\AssetMiddleware.php, line 68
Cake\Http\Runner::handle() - CORE\src\Http\Runner.php, line 73
Cake\Error\Middleware\ErrorHandlerMiddleware::process() - CORE\src\Error\Middleware\ErrorHandlerMiddleware.php, line 126
Cake\Http\Runner::handle() - CORE\src\Http\Runner.php, line 73
DebugKit\Middleware\DebugKitMiddleware::process() - ROOT\vendor\cakephp\debug_kit\src\Middleware\DebugKitMiddleware.php, line 60
Cake\Http\Runner::handle() - CORE\src\Http\Runner.php, line 73
Cake\Http\Runner::run() - CORE\src\Http\Runner.php, line 58
Cake\Http\Server::run() - CORE\src\Http\Server.php, line 90
[main] - ROOT\webroot\index.php, line 40

2024-08-16 12:06:41 Notice: Notice (8): Undefined variable: Length in [C:\xampp\htdocs\xampp\Clothing\templates\Dashboards\view.php, line 23]
Request URL: /Dashboards/view
Referer URL: http://localhost:8765/Dashboards4/view
Trace:
Cake\Error\BaseErrorHandler::handleError() - CORE\src\Error\BaseErrorHandler.php, line 188
DebugKit\Plugin::DebugKit\{closure}() - ROOT\vendor\cakephp\debug_kit\src\Plugin.php, line 105
include - ROOT\templates\Dashboards\view.php, line 23
Cake\View\View::_evaluate() - CORE\src\View\View.php, line 1176
Cake\View\View::_render() - CORE\src\View\View.php, line 1134
Cake\View\View::render() - CORE\src\View\View.php, line 764
Cake\Controller\Controller::render() - CORE\src\Controller\Controller.php, line 699
Cake\Controller\Controller::invokeAction() - CORE\src\Controller\Controller.php, line 540
Cake\Controller\ControllerFactory::invoke() - CORE\src\Controller\ControllerFactory.php, line 149
Cake\Http\BaseApplication::handle() - CORE\src\Http\BaseApplication.php, line 313
Cake\Http\Runner::handle() - CORE\src\Http\Runner.php, line 77
Authentication\Middleware\AuthenticationMiddleware::process() - ROOT\vendor\cakephp\authentication\src\Middleware\AuthenticationMiddleware.php, line 124
Cake\Http\Runner::handle() - CORE\src\Http\Runner.php, line 73
Cake\Http\Middleware\BodyParserMiddleware::process() - CORE\src\Http\Middleware\BodyParserMiddleware.php, line 157
Cake\Http\Runner::handle() - CORE\src\Http\Runner.php, line 73
Cake\Routing\Middleware\RoutingMiddleware::process() - CORE\src\Routing\Middleware\RoutingMiddleware.php, line 161
Cake\Http\Runner::handle() - CORE\src\Http\Runner.php, line 73
Cake\Routing\Middleware\AssetMiddleware::process() - CORE\src\Routing\Middleware\AssetMiddleware.php, line 68
Cake\Http\Runner::handle() - CORE\src\Http\Runner.php, line 73
Cake\Error\Middleware\ErrorHandlerMiddleware::process() - CORE\src\Error\Middleware\ErrorHandlerMiddleware.php, line 126
Cake\Http\Runner::handle() - CORE\src\Http\Runner.php, line 73
DebugKit\Middleware\DebugKitMiddleware::process() - ROOT\vendor\cakephp\debug_kit\src\Middleware\DebugKitMiddleware.php, line 60
Cake\Http\Runner::handle() - CORE\src\Http\Runner.php, line 73
Cake\Http\Runner::run() - CORE\src\Http\Runner.php, line 58
Cake\Http\Server::run() - CORE\src\Http\Server.php, line 90
[main] - ROOT\webroot\index.php, line 40

2024-08-16 12:06:41 Notice: Notice (8): Undefined variable: Length in [C:\xampp\htdocs\xampp\Clothing\templates\Dashboards\view.php, line 40]
Request URL: /Dashboards/view
Referer URL: http://localhost:8765/Dashboards4/view
Trace:
Cake\Error\BaseErrorHandler::handleError() - CORE\src\Error\BaseErrorHandler.php, line 188
DebugKit\Plugin::DebugKit\{closure}() - ROOT\vendor\cakephp\debug_kit\src\Plugin.php, line 105
include - ROOT\templates\Dashboards\view.php, line 40
Cake\View\View::_evaluate() - CORE\src\View\View.php, line 1176
Cake\View\View::_render() - CORE\src\View\View.php, line 1134
Cake\View\View::render() - CORE\src\View\View.php, line 764
Cake\Controller\Controller::render() - CORE\src\Controller\Controller.php, line 699
Cake\Controller\Controller::invokeAction() - CORE\src\Controller\Controller.php, line 540
Cake\Controller\ControllerFactory::invoke() - CORE\src\Controller\ControllerFactory.php, line 149
Cake\Http\BaseApplication::handle() - CORE\src\Http\BaseApplication.php, line 313
Cake\Http\Runner::handle() - CORE\src\Http\Runner.php, line 77
Authentication\Middleware\AuthenticationMiddleware::process() - ROOT\vendor\cakephp\authentication\src\Middleware\AuthenticationMiddleware.php, line 124
Cake\Http\Runner::handle() - CORE\src\Http\Runner.php, line 73
Cake\Http\Middleware\BodyParserMiddleware::process() - CORE\src\Http\Middleware\BodyParserMiddleware.php, line 157
Cake\Http\Runner::handle() - CORE\src\Http\Runner.php, line 73
Cake\Routing\Middleware\RoutingMiddleware::process() - CORE\src\Routing\Middleware\RoutingMiddleware.php, line 161
Cake\Http\Runner::handle() - CORE\src\Http\Runner.php, line 73
Cake\Routing\Middleware\AssetMiddleware::process() - CORE\src\Routing\Middleware\AssetMiddleware.php, line 68
Cake\Http\Runner::handle() - CORE\src\Http\Runner.php, line 73
Cake\Error\Middleware\ErrorHandlerMiddleware::process() - CORE\src\Error\Middleware\ErrorHandlerMiddleware.php, line 126
Cake\Http\Runner::handle() - CORE\src\Http\Runner.php, line 73
DebugKit\Middleware\DebugKitMiddleware::process() - ROOT\vendor\cakephp\debug_kit\src\Middleware\DebugKitMiddleware.php, line 60
Cake\Http\Runner::handle() - CORE\src\Http\Runner.php, line 73
Cake\Http\Runner::run() - CORE\src\Http\Runner.php, line 58
Cake\Http\Server::run() - CORE\src\Http\Server.php, line 90
[main] - ROOT\webroot\index.php, line 40

2024-08-16 12:06:41 Notice: Notice (8): Undefined variable: Length in [C:\xampp\htdocs\xampp\Clothing\templates\Dashboards\view.php, line 40]
Request URL: /Dashboards/view
Referer URL: http://localhost:8765/Dashboards4/view
Trace:
Cake\Error\BaseErrorHandler::handleError() - CORE\src\Error\BaseErrorHandler.php, line 188
DebugKit\Plugin::DebugKit\{closure}() - ROOT\vendor\cakephp\debug_kit\src\Plugin.php, line 105
include - ROOT\templates\Dashboards\view.php, line 40
Cake\View\View::_evaluate() - CORE\src\View\View.php, line 1176
Cake\View\View::_render() - CORE\src\View\View.php, line 1134
Cake\View\View::render() - CORE\src\View\View.php, line 764
Cake\Controller\Controller::render() - CORE\src\Controller\Controller.php, line 699
Cake\Controller\Controller::invokeAction() - CORE\src\Controller\Controller.php, line 540
Cake\Controller\ControllerFactory::invoke() - CORE\src\Controller\ControllerFactory.php, line 149
Cake\Http\BaseApplication::handle() - CORE\src\Http\BaseApplication.php, line 313
Cake\Http\Runner::handle() - CORE\src\Http\Runner.php, line 77
Authentication\Middleware\AuthenticationMiddleware::process() - ROOT\vendor\cakephp\authentication\src\Middleware\AuthenticationMiddleware.php, line 124
Cake\Http\Runner::handle() - CORE\src\Http\Runner.php, line 73
Cake\Http\Middleware\BodyParserMiddleware::process() - CORE\src\Http\Middleware\BodyParserMiddleware.php, line 157
Cake\Http\Runner::handle() - CORE\src\Http\Runner.php, line 73
Cake\Routing\Middleware\RoutingMiddleware::process() - CORE\src\Routing\Middleware\RoutingMiddleware.php, line 161
Cake\Http\Runner::handle() - CORE\src\Http\Runner.php, line 73
Cake\Routing\Middleware\AssetMiddleware::process() - CORE\src\Routing\Middleware\AssetMiddleware.php, line 68
Cake\Http\Runner::handle() - CORE\src\Http\Runner.php, line 73
Cake\Error\Middleware\ErrorHandlerMiddleware::process() - CORE\src\Error\Middleware\ErrorHandlerMiddleware.php, line 126
Cake\Http\Runner::handle() - CORE\src\Http\Runner.php, line 73
DebugKit\Middleware\DebugKitMiddleware::process() - ROOT\vendor\cakephp\debug_kit\src\Middleware\DebugKitMiddleware.php, line 60
Cake\Http\Runner::handle() - CORE\src\Http\Runner.php, line 73
Cake\Http\Runner::run() - CORE\src\Http\Runner.php, line 58
Cake\Http\Server::run() - CORE\src\Http\Server.php, line 90
[main] - ROOT\webroot\index.php, line 40

2024-08-16 12:06:41 Notice: Notice (8): Undefined variable: Length in [C:\xampp\htdocs\xampp\Clothing\templates\Dashboards\view.php, line 40]
Request URL: /Dashboards/view
Referer URL: http://localhost:8765/Dashboards4/view
Trace:
Cake\Error\BaseErrorHandler::handleError() - CORE\src\Error\BaseErrorHandler.php, line 188
DebugKit\Plugin::DebugKit\{closure}() - ROOT\vendor\cakephp\debug_kit\src\Plugin.php, line 105
include - ROOT\templates\Dashboards\view.php, line 40
Cake\View\View::_evaluate() - CORE\src\View\View.php, line 1176
Cake\View\View::_render() - CORE\src\View\View.php, line 1134
Cake\View\View::render() - CORE\src\View\View.php, line 764
Cake\Controller\Controller::render() - CORE\src\Controller\Controller.php, line 699
Cake\Controller\Controller::invokeAction() - CORE\src\Controller\Controller.php, line 540
Cake\Controller\ControllerFactory::invoke() - CORE\src\Controller\ControllerFactory.php, line 149
Cake\Http\BaseApplication::handle() - CORE\src\Http\BaseApplication.php, line 313
Cake\Http\Runner::handle() - CORE\src\Http\Runner.php, line 77
Authentication\Middleware\AuthenticationMiddleware::process() - ROOT\vendor\cakephp\authentication\src\Middleware\AuthenticationMiddleware.php, line 124
Cake\Http\Runner::handle() - CORE\src\Http\Runner.php, line 73
Cake\Http\Middleware\BodyParserMiddleware::process() - CORE\src\Http\Middleware\BodyParserMiddleware.php, line 157
Cake\Http\Runner::handle() - CORE\src\Http\Runner.php, line 73
Cake\Routing\Middleware\RoutingMiddleware::process() - CORE\src\Routing\Middleware\RoutingMiddleware.php, line 161
Cake\Http\Runner::handle() - CORE\src\Http\Runner.php, line 73
Cake\Routing\Middleware\AssetMiddleware::process() - CORE\src\Routing\Middleware\AssetMiddleware.php, line 68
Cake\Http\Runner::handle() - CORE\src\Http\Runner.php, line 73
Cake\Error\Middleware\ErrorHandlerMiddleware::process() - CORE\src\Error\Middleware\ErrorHandlerMiddleware.php, line 126
Cake\Http\Runner::handle() - CORE\src\Http\Runner.php, line 73
DebugKit\Middleware\DebugKitMiddleware::process() - ROOT\vendor\cakephp\debug_kit\src\Middleware\DebugKitMiddleware.php, line 60
Cake\Http\Runner::handle() - CORE\src\Http\Runner.php, line 73
Cake\Http\Runner::run() - CORE\src\Http\Runner.php, line 58
Cake\Http\Server::run() - CORE\src\Http\Server.php, line 90
[main] - ROOT\webroot\index.php, line 40

2024-08-16 12:06:41 Notice: Notice (8): Undefined variable: Length in [C:\xampp\htdocs\xampp\Clothing\templates\Dashboards\view.php, line 40]
Request URL: /Dashboards/view
Referer URL: http://localhost:8765/Dashboards4/view
Trace:
Cake\Error\BaseErrorHandler::handleError() - CORE\src\Error\BaseErrorHandler.php, line 188
DebugKit\Plugin::DebugKit\{closure}() - ROOT\vendor\cakephp\debug_kit\src\Plugin.php, line 105
include - ROOT\templates\Dashboards\view.php, line 40
Cake\View\View::_evaluate() - CORE\src\View\View.php, line 1176
Cake\View\View::_render() - CORE\src\View\View.php, line 1134
Cake\View\View::render() - CORE\src\View\View.php, line 764
Cake\Controller\Controller::render() - CORE\src\Controller\Controller.php, line 699
Cake\Controller\Controller::invokeAction() - CORE\src\Controller\Controller.php, line 540
Cake\Controller\ControllerFactory::invoke() - CORE\src\Controller\ControllerFactory.php, line 149
Cake\Http\BaseApplication::handle() - CORE\src\Http\BaseApplication.php, line 313
Cake\Http\Runner::handle() - CORE\src\Http\Runner.php, line 77
Authentication\Middleware\AuthenticationMiddleware::process() - ROOT\vendor\cakephp\authentication\src\Middleware\AuthenticationMiddleware.php, line 124
Cake\Http\Runner::handle() - CORE\src\Http\Runner.php, line 73
Cake\Http\Middleware\BodyParserMiddleware::process() - CORE\src\Http\Middleware\BodyParserMiddleware.php, line 157
Cake\Http\Runner::handle() - CORE\src\Http\Runner.php, line 73
Cake\Routing\Middleware\RoutingMiddleware::process() - CORE\src\Routing\Middleware\RoutingMiddleware.php, line 161
Cake\Http\Runner::handle() - CORE\src\Http\Runner.php, line 73
Cake\Routing\Middleware\AssetMiddleware::process() - CORE\src\Routing\Middleware\AssetMiddleware.php, line 68
Cake\Http\Runner::handle() - CORE\src\Http\Runner.php, line 73
Cake\Error\Middleware\ErrorHandlerMiddleware::process() - CORE\src\Error\Middleware\ErrorHandlerMiddleware.php, line 126
Cake\Http\Runner::handle() - CORE\src\Http\Runner.php, line 73
DebugKit\Middleware\DebugKitMiddleware::process() - ROOT\vendor\cakephp\debug_kit\src\Middleware\DebugKitMiddleware.php, line 60
Cake\Http\Runner::handle() - CORE\src\Http\Runner.php, line 73
Cake\Http\Runner::run() - CORE\src\Http\Runner.php, line 58
Cake\Http\Server::run() - CORE\src\Http\Server.php, line 90
[main] - ROOT\webroot\index.php, line 40

2024-08-16 12:08:33 Notice: Notice (8): Undefined variable: Length in [C:\xampp\htdocs\xampp\Clothing\templates\Dashboards\view.php, line 23]
Request URL: /Dashboards/view
Referer URL: http://localhost:8765/Dashboards4/view
Trace:
Cake\Error\BaseErrorHandler::handleError() - CORE\src\Error\BaseErrorHandler.php, line 188
DebugKit\Plugin::DebugKit\{closure}() - ROOT\vendor\cakephp\debug_kit\src\Plugin.php, line 105
include - ROOT\templates\Dashboards\view.php, line 23
Cake\View\View::_evaluate() - CORE\src\View\View.php, line 1176
Cake\View\View::_render() - CORE\src\View\View.php, line 1134
Cake\View\View::render() - CORE\src\View\View.php, line 764
Cake\Controller\Controller::render() - CORE\src\Controller\Controller.php, line 699
Cake\Controller\Controller::invokeAction() - CORE\src\Controller\Controller.php, line 540
Cake\Controller\ControllerFactory::invoke() - CORE\src\Controller\ControllerFactory.php, line 149
Cake\Http\BaseApplication::handle() - CORE\src\Http\BaseApplication.php, line 313
Cake\Http\Runner::handle() - CORE\src\Http\Runner.php, line 77
Authentication\Middleware\AuthenticationMiddleware::process() - ROOT\vendor\cakephp\authentication\src\Middleware\AuthenticationMiddleware.php, line 124
Cake\Http\Runner::handle() - CORE\src\Http\Runner.php, line 73
Cake\Http\Middleware\BodyParserMiddleware::process() - CORE\src\Http\Middleware\BodyParserMiddleware.php, line 157
Cake\Http\Runner::handle() - CORE\src\Http\Runner.php, line 73
Cake\Routing\Middleware\RoutingMiddleware::process() - CORE\src\Routing\Middleware\RoutingMiddleware.php, line 161
Cake\Http\Runner::handle() - CORE\src\Http\Runner.php, line 73
Cake\Routing\Middleware\AssetMiddleware::process() - CORE\src\Routing\Middleware\AssetMiddleware.php, line 68
Cake\Http\Runner::handle() - CORE\src\Http\Runner.php, line 73
Cake\Error\Middleware\ErrorHandlerMiddleware::process() - CORE\src\Error\Middleware\ErrorHandlerMiddleware.php, line 126
Cake\Http\Runner::handle() - CORE\src\Http\Runner.php, line 73
DebugKit\Middleware\DebugKitMiddleware::process() - ROOT\vendor\cakephp\debug_kit\src\Middleware\DebugKitMiddleware.php, line 60
Cake\Http\Runner::handle() - CORE\src\Http\Runner.php, line 73
Cake\Http\Runner::run() - CORE\src\Http\Runner.php, line 58
Cake\Http\Server::run() - CORE\src\Http\Server.php, line 90
[main] - ROOT\webroot\index.php, line 40

2024-08-16 12:08:33 Notice: Notice (8): Undefined variable: Length in [C:\xampp\htdocs\xampp\Clothing\templates\Dashboards\view.php, line 40]
Request URL: /Dashboards/view
Referer URL: http://localhost:8765/Dashboards4/view
Trace:
Cake\Error\BaseErrorHandler::handleError() - CORE\src\Error\BaseErrorHandler.php, line 188
DebugKit\Plugin::DebugKit\{closure}() - ROOT\vendor\cakephp\debug_kit\src\Plugin.php, line 105
include - ROOT\templates\Dashboards\view.php, line 40
Cake\View\View::_evaluate() - CORE\src\View\View.php, line 1176
Cake\View\View::_render() - CORE\src\View\View.php, line 1134
Cake\View\View::render() - CORE\src\View\View.php, line 764
Cake\Controller\Controller::render() - CORE\src\Controller\Controller.php, line 699
Cake\Controller\Controller::invokeAction() - CORE\src\Controller\Controller.php, line 540
Cake\Controller\ControllerFactory::invoke() - CORE\src\Controller\ControllerFactory.php, line 149
Cake\Http\BaseApplication::handle() - CORE\src\Http\BaseApplication.php, line 313
Cake\Http\Runner::handle() - CORE\src\Http\Runner.php, line 77
Authentication\Middleware\AuthenticationMiddleware::process() - ROOT\vendor\cakephp\authentication\src\Middleware\AuthenticationMiddleware.php, line 124
Cake\Http\Runner::handle() - CORE\src\Http\Runner.php, line 73
Cake\Http\Middleware\BodyParserMiddleware::process() - CORE\src\Http\Middleware\BodyParserMiddleware.php, line 157
Cake\Http\Runner::handle() - CORE\src\Http\Runner.php, line 73
Cake\Routing\Middleware\RoutingMiddleware::process() - CORE\src\Routing\Middleware\RoutingMiddleware.php, line 161
Cake\Http\Runner::handle() - CORE\src\Http\Runner.php, line 73
Cake\Routing\Middleware\AssetMiddleware::process() - CORE\src\Routing\Middleware\AssetMiddleware.php, line 68
Cake\Http\Runner::handle() - CORE\src\Http\Runner.php, line 73
Cake\Error\Middleware\ErrorHandlerMiddleware::process() - CORE\src\Error\Middleware\ErrorHandlerMiddleware.php, line 126
Cake\Http\Runner::handle() - CORE\src\Http\Runner.php, line 73
DebugKit\Middleware\DebugKitMiddleware::process() - ROOT\vendor\cakephp\debug_kit\src\Middleware\DebugKitMiddleware.php, line 60
Cake\Http\Runner::handle() - CORE\src\Http\Runner.php, line 73
Cake\Http\Runner::run() - CORE\src\Http\Runner.php, line 58
Cake\Http\Server::run() - CORE\src\Http\Server.php, line 90
[main] - ROOT\webroot\index.php, line 40

2024-08-16 12:08:33 Notice: Notice (8): Undefined variable: Length in [C:\xampp\htdocs\xampp\Clothing\templates\Dashboards\view.php, line 40]
Request URL: /Dashboards/view
Referer URL: http://localhost:8765/Dashboards4/view
Trace:
Cake\Error\BaseErrorHandler::handleError() - CORE\src\Error\BaseErrorHandler.php, line 188
DebugKit\Plugin::DebugKit\{closure}() - ROOT\vendor\cakephp\debug_kit\src\Plugin.php, line 105
include - ROOT\templates\Dashboards\view.php, line 40
Cake\View\View::_evaluate() - CORE\src\View\View.php, line 1176
Cake\View\View::_render() - CORE\src\View\View.php, line 1134
Cake\View\View::render() - CORE\src\View\View.php, line 764
Cake\Controller\Controller::render() - CORE\src\Controller\Controller.php, line 699
Cake\Controller\Controller::invokeAction() - CORE\src\Controller\Controller.php, line 540
Cake\Controller\ControllerFactory::invoke() - CORE\src\Controller\ControllerFactory.php, line 149
Cake\Http\BaseApplication::handle() - CORE\src\Http\BaseApplication.php, line 313
Cake\Http\Runner::handle() - CORE\src\Http\Runner.php, line 77
Authentication\Middleware\AuthenticationMiddleware::process() - ROOT\vendor\cakephp\authentication\src\Middleware\AuthenticationMiddleware.php, line 124
Cake\Http\Runner::handle() - CORE\src\Http\Runner.php, line 73
Cake\Http\Middleware\BodyParserMiddleware::process() - CORE\src\Http\Middleware\BodyParserMiddleware.php, line 157
Cake\Http\Runner::handle() - CORE\src\Http\Runner.php, line 73
Cake\Routing\Middleware\RoutingMiddleware::process() - CORE\src\Routing\Middleware\RoutingMiddleware.php, line 161
Cake\Http\Runner::handle() - CORE\src\Http\Runner.php, line 73
Cake\Routing\Middleware\AssetMiddleware::process() - CORE\src\Routing\Middleware\AssetMiddleware.php, line 68
Cake\Http\Runner::handle() - CORE\src\Http\Runner.php, line 73
Cake\Error\Middleware\ErrorHandlerMiddleware::process() - CORE\src\Error\Middleware\ErrorHandlerMiddleware.php, line 126
Cake\Http\Runner::handle() - CORE\src\Http\Runner.php, line 73
DebugKit\Middleware\DebugKitMiddleware::process() - ROOT\vendor\cakephp\debug_kit\src\Middleware\DebugKitMiddleware.php, line 60
Cake\Http\Runner::handle() - CORE\src\Http\Runner.php, line 73
Cake\Http\Runner::run() - CORE\src\Http\Runner.php, line 58
Cake\Http\Server::run() - CORE\src\Http\Server.php, line 90
[main] - ROOT\webroot\index.php, line 40

2024-08-16 12:08:33 Notice: Notice (8): Undefined variable: Length in [C:\xampp\htdocs\xampp\Clothing\templates\Dashboards\view.php, line 40]
Request URL: /Dashboards/view
Referer URL: http://localhost:8765/Dashboards4/view
Trace:
Cake\Error\BaseErrorHandler::handleError() - CORE\src\Error\BaseErrorHandler.php, line 188
DebugKit\Plugin::DebugKit\{closure}() - ROOT\vendor\cakephp\debug_kit\src\Plugin.php, line 105
include - ROOT\templates\Dashboards\view.php, line 40
Cake\View\View::_evaluate() - CORE\src\View\View.php, line 1176
Cake\View\View::_render() - CORE\src\View\View.php, line 1134
Cake\View\View::render() - CORE\src\View\View.php, line 764
Cake\Controller\Controller::render() - CORE\src\Controller\Controller.php, line 699
Cake\Controller\Controller::invokeAction() - CORE\src\Controller\Controller.php, line 540
Cake\Controller\ControllerFactory::invoke() - CORE\src\Controller\ControllerFactory.php, line 149
Cake\Http\BaseApplication::handle() - CORE\src\Http\BaseApplication.php, line 313
Cake\Http\Runner::handle() - CORE\src\Http\Runner.php, line 77
Authentication\Middleware\AuthenticationMiddleware::process() - ROOT\vendor\cakephp\authentication\src\Middleware\AuthenticationMiddleware.php, line 124
Cake\Http\Runner::handle() - CORE\src\Http\Runner.php, line 73
Cake\Http\Middleware\BodyParserMiddleware::process() - CORE\src\Http\Middleware\BodyParserMiddleware.php, line 157
Cake\Http\Runner::handle() - CORE\src\Http\Runner.php, line 73
Cake\Routing\Middleware\RoutingMiddleware::process() - CORE\src\Routing\Middleware\RoutingMiddleware.php, line 161
Cake\Http\Runner::handle() - CORE\src\Http\Runner.php, line 73
Cake\Routing\Middleware\AssetMiddleware::process() - CORE\src\Routing\Middleware\AssetMiddleware.php, line 68
Cake\Http\Runner::handle() - CORE\src\Http\Runner.php, line 73
Cake\Error\Middleware\ErrorHandlerMiddleware::process() - CORE\src\Error\Middleware\ErrorHandlerMiddleware.php, line 126
Cake\Http\Runner::handle() - CORE\src\Http\Runner.php, line 73
DebugKit\Middleware\DebugKitMiddleware::process() - ROOT\vendor\cakephp\debug_kit\src\Middleware\DebugKitMiddleware.php, line 60
Cake\Http\Runner::handle() - CORE\src\Http\Runner.php, line 73
Cake\Http\Runner::run() - CORE\src\Http\Runner.php, line 58
Cake\Http\Server::run() - CORE\src\Http\Server.php, line 90
[main] - ROOT\webroot\index.php, line 40

2024-08-16 12:08:33 Notice: Notice (8): Undefined variable: Length in [C:\xampp\htdocs\xampp\Clothing\templates\Dashboards\view.php, line 40]
Request URL: /Dashboards/view
Referer URL: http://localhost:8765/Dashboards4/view
Trace:
Cake\Error\BaseErrorHandler::handleError() - CORE\src\Error\BaseErrorHandler.php, line 188
DebugKit\Plugin::DebugKit\{closure}() - ROOT\vendor\cakephp\debug_kit\src\Plugin.php, line 105
include - ROOT\templates\Dashboards\view.php, line 40
Cake\View\View::_evaluate() - CORE\src\View\View.php, line 1176
Cake\View\View::_render() - CORE\src\View\View.php, line 1134
Cake\View\View::render() - CORE\src\View\View.php, line 764
Cake\Controller\Controller::render() - CORE\src\Controller\Controller.php, line 699
Cake\Controller\Controller::invokeAction() - CORE\src\Controller\Controller.php, line 540
Cake\Controller\ControllerFactory::invoke() - CORE\src\Controller\ControllerFactory.php, line 149
Cake\Http\BaseApplication::handle() - CORE\src\Http\BaseApplication.php, line 313
Cake\Http\Runner::handle() - CORE\src\Http\Runner.php, line 77
Authentication\Middleware\AuthenticationMiddleware::process() - ROOT\vendor\cakephp\authentication\src\Middleware\AuthenticationMiddleware.php, line 124
Cake\Http\Runner::handle() - CORE\src\Http\Runner.php, line 73
Cake\Http\Middleware\BodyParserMiddleware::process() - CORE\src\Http\Middleware\BodyParserMiddleware.php, line 157
Cake\Http\Runner::handle() - CORE\src\Http\Runner.php, line 73
Cake\Routing\Middleware\RoutingMiddleware::process() - CORE\src\Routing\Middleware\RoutingMiddleware.php, line 161
Cake\Http\Runner::handle() - CORE\src\Http\Runner.php, line 73
Cake\Routing\Middleware\AssetMiddleware::process() - CORE\src\Routing\Middleware\AssetMiddleware.php, line 68
Cake\Http\Runner::handle() - CORE\src\Http\Runner.php, line 73
Cake\Error\Middleware\ErrorHandlerMiddleware::process() - CORE\src\Error\Middleware\ErrorHandlerMiddleware.php, line 126
Cake\Http\Runner::handle() - CORE\src\Http\Runner.php, line 73
DebugKit\Middleware\DebugKitMiddleware::process() - ROOT\vendor\cakephp\debug_kit\src\Middleware\DebugKitMiddleware.php, line 60
Cake\Http\Runner::handle() - CORE\src\Http\Runner.php, line 73
Cake\Http\Runner::run() - CORE\src\Http\Runner.php, line 58
Cake\Http\Server::run() - CORE\src\Http\Server.php, line 90
[main] - ROOT\webroot\index.php, line 40

2024-08-16 12:08:55 Notice: Notice (8): Undefined variable: Length in [C:\xampp\htdocs\xampp\Clothing\templates\Dashboards\view.php, line 23]
Request URL: /Dashboards/view
Referer URL: http://localhost:8765/Dashboards4/view
Trace:
Cake\Error\BaseErrorHandler::handleError() - CORE\src\Error\BaseErrorHandler.php, line 188
DebugKit\Plugin::DebugKit\{closure}() - ROOT\vendor\cakephp\debug_kit\src\Plugin.php, line 105
include - ROOT\templates\Dashboards\view.php, line 23
Cake\View\View::_evaluate() - CORE\src\View\View.php, line 1176
Cake\View\View::_render() - CORE\src\View\View.php, line 1134
Cake\View\View::render() - CORE\src\View\View.php, line 764
Cake\Controller\Controller::render() - CORE\src\Controller\Controller.php, line 699
Cake\Controller\Controller::invokeAction() - CORE\src\Controller\Controller.php, line 540
Cake\Controller\ControllerFactory::invoke() - CORE\src\Controller\ControllerFactory.php, line 149
Cake\Http\BaseApplication::handle() - CORE\src\Http\BaseApplication.php, line 313
Cake\Http\Runner::handle() - CORE\src\Http\Runner.php, line 77
Authentication\Middleware\AuthenticationMiddleware::process() - ROOT\vendor\cakephp\authentication\src\Middleware\AuthenticationMiddleware.php, line 124
Cake\Http\Runner::handle() - CORE\src\Http\Runner.php, line 73
Cake\Http\Middleware\BodyParserMiddleware::process() - CORE\src\Http\Middleware\BodyParserMiddleware.php, line 157
Cake\Http\Runner::handle() - CORE\src\Http\Runner.php, line 73
Cake\Routing\Middleware\RoutingMiddleware::process() - CORE\src\Routing\Middleware\RoutingMiddleware.php, line 161
Cake\Http\Runner::handle() - CORE\src\Http\Runner.php, line 73
Cake\Routing\Middleware\AssetMiddleware::process() - CORE\src\Routing\Middleware\AssetMiddleware.php, line 68
Cake\Http\Runner::handle() - CORE\src\Http\Runner.php, line 73
Cake\Error\Middleware\ErrorHandlerMiddleware::process() - CORE\src\Error\Middleware\ErrorHandlerMiddleware.php, line 126
Cake\Http\Runner::handle() - CORE\src\Http\Runner.php, line 73
DebugKit\Middleware\DebugKitMiddleware::process() - ROOT\vendor\cakephp\debug_kit\src\Middleware\DebugKitMiddleware.php, line 60
Cake\Http\Runner::handle() - CORE\src\Http\Runner.php, line 73
Cake\Http\Runner::run() - CORE\src\Http\Runner.php, line 58
Cake\Http\Server::run() - CORE\src\Http\Server.php, line 90
[main] - ROOT\webroot\index.php, line 40

2024-08-16 12:08:55 Notice: Notice (8): Undefined variable: Length in [C:\xampp\htdocs\xampp\Clothing\templates\Dashboards\view.php, line 40]
Request URL: /Dashboards/view
Referer URL: http://localhost:8765/Dashboards4/view
Trace:
Cake\Error\BaseErrorHandler::handleError() - CORE\src\Error\BaseErrorHandler.php, line 188
DebugKit\Plugin::DebugKit\{closure}() - ROOT\vendor\cakephp\debug_kit\src\Plugin.php, line 105
include - ROOT\templates\Dashboards\view.php, line 40
Cake\View\View::_evaluate() - CORE\src\View\View.php, line 1176
Cake\View\View::_render() - CORE\src\View\View.php, line 1134
Cake\View\View::render() - CORE\src\View\View.php, line 764
Cake\Controller\Controller::render() - CORE\src\Controller\Controller.php, line 699
Cake\Controller\Controller::invokeAction() - CORE\src\Controller\Controller.php, line 540
Cake\Controller\ControllerFactory::invoke() - CORE\src\Controller\ControllerFactory.php, line 149
Cake\Http\BaseApplication::handle() - CORE\src\Http\BaseApplication.php, line 313
Cake\Http\Runner::handle() - CORE\src\Http\Runner.php, line 77
Authentication\Middleware\AuthenticationMiddleware::process() - ROOT\vendor\cakephp\authentication\src\Middleware\AuthenticationMiddleware.php, line 124
Cake\Http\Runner::handle() - CORE\src\Http\Runner.php, line 73
Cake\Http\Middleware\BodyParserMiddleware::process() - CORE\src\Http\Middleware\BodyParserMiddleware.php, line 157
Cake\Http\Runner::handle() - CORE\src\Http\Runner.php, line 73
Cake\Routing\Middleware\RoutingMiddleware::process() - CORE\src\Routing\Middleware\RoutingMiddleware.php, line 161
Cake\Http\Runner::handle() - CORE\src\Http\Runner.php, line 73
Cake\Routing\Middleware\AssetMiddleware::process() - CORE\src\Routing\Middleware\AssetMiddleware.php, line 68
Cake\Http\Runner::handle() - CORE\src\Http\Runner.php, line 73
Cake\Error\Middleware\ErrorHandlerMiddleware::process() - CORE\src\Error\Middleware\ErrorHandlerMiddleware.php, line 126
Cake\Http\Runner::handle() - CORE\src\Http\Runner.php, line 73
DebugKit\Middleware\DebugKitMiddleware::process() - ROOT\vendor\cakephp\debug_kit\src\Middleware\DebugKitMiddleware.php, line 60
Cake\Http\Runner::handle() - CORE\src\Http\Runner.php, line 73
Cake\Http\Runner::run() - CORE\src\Http\Runner.php, line 58
Cake\Http\Server::run() - CORE\src\Http\Server.php, line 90
[main] - ROOT\webroot\index.php, line 40

2024-08-16 12:08:55 Notice: Notice (8): Undefined variable: Length in [C:\xampp\htdocs\xampp\Clothing\templates\Dashboards\view.php, line 40]
Request URL: /Dashboards/view
Referer URL: http://localhost:8765/Dashboards4/view
Trace:
Cake\Error\BaseErrorHandler::handleError() - CORE\src\Error\BaseErrorHandler.php, line 188
DebugKit\Plugin::DebugKit\{closure}() - ROOT\vendor\cakephp\debug_kit\src\Plugin.php, line 105
include - ROOT\templates\Dashboards\view.php, line 40
Cake\View\View::_evaluate() - CORE\src\View\View.php, line 1176
Cake\View\View::_render() - CORE\src\View\View.php, line 1134
Cake\View\View::render() - CORE\src\View\View.php, line 764
Cake\Controller\Controller::render() - CORE\src\Controller\Controller.php, line 699
Cake\Controller\Controller::invokeAction() - CORE\src\Controller\Controller.php, line 540
Cake\Controller\ControllerFactory::invoke() - CORE\src\Controller\ControllerFactory.php, line 149
Cake\Http\BaseApplication::handle() - CORE\src\Http\BaseApplication.php, line 313
Cake\Http\Runner::handle() - CORE\src\Http\Runner.php, line 77
Authentication\Middleware\AuthenticationMiddleware::process() - ROOT\vendor\cakephp\authentication\src\Middleware\AuthenticationMiddleware.php, line 124
Cake\Http\Runner::handle() - CORE\src\Http\Runner.php, line 73
Cake\Http\Middleware\BodyParserMiddleware::process() - CORE\src\Http\Middleware\BodyParserMiddleware.php, line 157
Cake\Http\Runner::handle() - CORE\src\Http\Runner.php, line 73
Cake\Routing\Middleware\RoutingMiddleware::process() - CORE\src\Routing\Middleware\RoutingMiddleware.php, line 161
Cake\Http\Runner::handle() - CORE\src\Http\Runner.php, line 73
Cake\Routing\Middleware\AssetMiddleware::process() - CORE\src\Routing\Middleware\AssetMiddleware.php, line 68
Cake\Http\Runner::handle() - CORE\src\Http\Runner.php, line 73
Cake\Error\Middleware\ErrorHandlerMiddleware::process() - CORE\src\Error\Middleware\ErrorHandlerMiddleware.php, line 126
Cake\Http\Runner::handle() - CORE\src\Http\Runner.php, line 73
DebugKit\Middleware\DebugKitMiddleware::process() - ROOT\vendor\cakephp\debug_kit\src\Middleware\DebugKitMiddleware.php, line 60
Cake\Http\Runner::handle() - CORE\src\Http\Runner.php, line 73
Cake\Http\Runner::run() - CORE\src\Http\Runner.php, line 58
Cake\Http\Server::run() - CORE\src\Http\Server.php, line 90
[main] - ROOT\webroot\index.php, line 40

2024-08-16 12:08:55 Notice: Notice (8): Undefined variable: Length in [C:\xampp\htdocs\xampp\Clothing\templates\Dashboards\view.php, line 40]
Request URL: /Dashboards/view
Referer URL: http://localhost:8765/Dashboards4/view
Trace:
Cake\Error\BaseErrorHandler::handleError() - CORE\src\Error\BaseErrorHandler.php, line 188
DebugKit\Plugin::DebugKit\{closure}() - ROOT\vendor\cakephp\debug_kit\src\Plugin.php, line 105
include - ROOT\templates\Dashboards\view.php, line 40
Cake\View\View::_evaluate() - CORE\src\View\View.php, line 1176
Cake\View\View::_render() - CORE\src\View\View.php, line 1134
Cake\View\View::render() - CORE\src\View\View.php, line 764
Cake\Controller\Controller::render() - CORE\src\Controller\Controller.php, line 699
Cake\Controller\Controller::invokeAction() - CORE\src\Controller\Controller.php, line 540
Cake\Controller\ControllerFactory::invoke() - CORE\src\Controller\ControllerFactory.php, line 149
Cake\Http\BaseApplication::handle() - CORE\src\Http\BaseApplication.php, line 313
Cake\Http\Runner::handle() - CORE\src\Http\Runner.php, line 77
Authentication\Middleware\AuthenticationMiddleware::process() - ROOT\vendor\cakephp\authentication\src\Middleware\AuthenticationMiddleware.php, line 124
Cake\Http\Runner::handle() - CORE\src\Http\Runner.php, line 73
Cake\Http\Middleware\BodyParserMiddleware::process() - CORE\src\Http\Middleware\BodyParserMiddleware.php, line 157
Cake\Http\Runner::handle() - CORE\src\Http\Runner.php, line 73
Cake\Routing\Middleware\RoutingMiddleware::process() - CORE\src\Routing\Middleware\RoutingMiddleware.php, line 161
Cake\Http\Runner::handle() - CORE\src\Http\Runner.php, line 73
Cake\Routing\Middleware\AssetMiddleware::process() - CORE\src\Routing\Middleware\AssetMiddleware.php, line 68
Cake\Http\Runner::handle() - CORE\src\Http\Runner.php, line 73
Cake\Error\Middleware\ErrorHandlerMiddleware::process() - CORE\src\Error\Middleware\ErrorHandlerMiddleware.php, line 126
Cake\Http\Runner::handle() - CORE\src\Http\Runner.php, line 73
DebugKit\Middleware\DebugKitMiddleware::process() - ROOT\vendor\cakephp\debug_kit\src\Middleware\DebugKitMiddleware.php, line 60
Cake\Http\Runner::handle() - CORE\src\Http\Runner.php, line 73
Cake\Http\Runner::run() - CORE\src\Http\Runner.php, line 58
Cake\Http\Server::run() - CORE\src\Http\Server.php, line 90
[main] - ROOT\webroot\index.php, line 40

2024-08-16 12:08:55 Notice: Notice (8): Undefined variable: Length in [C:\xampp\htdocs\xampp\Clothing\templates\Dashboards\view.php, line 40]
Request URL: /Dashboards/view
Referer URL: http://localhost:8765/Dashboards4/view
Trace:
Cake\Error\BaseErrorHandler::handleError() - CORE\src\Error\BaseErrorHandler.php, line 188
DebugKit\Plugin::DebugKit\{closure}() - ROOT\vendor\cakephp\debug_kit\src\Plugin.php, line 105
include - ROOT\templates\Dashboards\view.php, line 40
Cake\View\View::_evaluate() - CORE\src\View\View.php, line 1176
Cake\View\View::_render() - CORE\src\View\View.php, line 1134
Cake\View\View::render() - CORE\src\View\View.php, line 764
Cake\Controller\Controller::render() - CORE\src\Controller\Controller.php, line 699
Cake\Controller\Controller::invokeAction() - CORE\src\Controller\Controller.php, line 540
Cake\Controller\ControllerFactory::invoke() - CORE\src\Controller\ControllerFactory.php, line 149
Cake\Http\BaseApplication::handle() - CORE\src\Http\BaseApplication.php, line 313
Cake\Http\Runner::handle() - CORE\src\Http\Runner.php, line 77
Authentication\Middleware\AuthenticationMiddleware::process() - ROOT\vendor\cakephp\authentication\src\Middleware\AuthenticationMiddleware.php, line 124
Cake\Http\Runner::handle() - CORE\src\Http\Runner.php, line 73
Cake\Http\Middleware\BodyParserMiddleware::process() - CORE\src\Http\Middleware\BodyParserMiddleware.php, line 157
Cake\Http\Runner::handle() - CORE\src\Http\Runner.php, line 73
Cake\Routing\Middleware\RoutingMiddleware::process() - CORE\src\Routing\Middleware\RoutingMiddleware.php, line 161
Cake\Http\Runner::handle() - CORE\src\Http\Runner.php, line 73
Cake\Routing\Middleware\AssetMiddleware::process() - CORE\src\Routing\Middleware\AssetMiddleware.php, line 68
Cake\Http\Runner::handle() - CORE\src\Http\Runner.php, line 73
Cake\Error\Middleware\ErrorHandlerMiddleware::process() - CORE\src\Error\Middleware\ErrorHandlerMiddleware.php, line 126
Cake\Http\Runner::handle() - CORE\src\Http\Runner.php, line 73
DebugKit\Middleware\DebugKitMiddleware::process() - ROOT\vendor\cakephp\debug_kit\src\Middleware\DebugKitMiddleware.php, line 60
Cake\Http\Runner::handle() - CORE\src\Http\Runner.php, line 73
Cake\Http\Runner::run() - CORE\src\Http\Runner.php, line 58
Cake\Http\Server::run() - CORE\src\Http\Server.php, line 90
[main] - ROOT\webroot\index.php, line 40

2024-08-16 12:09:59 Notice: Notice (8): Undefined variable: Length in [C:\xampp\htdocs\xampp\Clothing\templates\Dashboards\view.php, line 23]
Request URL: /Dashboards/view
Referer URL: http://localhost:8765/waterjets
Trace:
Cake\Error\BaseErrorHandler::handleError() - CORE\src\Error\BaseErrorHandler.php, line 188
DebugKit\Plugin::DebugKit\{closure}() - ROOT\vendor\cakephp\debug_kit\src\Plugin.php, line 105
include - ROOT\templates\Dashboards\view.php, line 23
Cake\View\View::_evaluate() - CORE\src\View\View.php, line 1176
Cake\View\View::_render() - CORE\src\View\View.php, line 1134
Cake\View\View::render() - CORE\src\View\View.php, line 764
Cake\Controller\Controller::render() - CORE\src\Controller\Controller.php, line 699
Cake\Controller\Controller::invokeAction() - CORE\src\Controller\Controller.php, line 540
Cake\Controller\ControllerFactory::invoke() - CORE\src\Controller\ControllerFactory.php, line 149
Cake\Http\BaseApplication::handle() - CORE\src\Http\BaseApplication.php, line 313
Cake\Http\Runner::handle() - CORE\src\Http\Runner.php, line 77
Authentication\Middleware\AuthenticationMiddleware::process() - ROOT\vendor\cakephp\authentication\src\Middleware\AuthenticationMiddleware.php, line 124
Cake\Http\Runner::handle() - CORE\src\Http\Runner.php, line 73
Cake\Http\Middleware\BodyParserMiddleware::process() - CORE\src\Http\Middleware\BodyParserMiddleware.php, line 157
Cake\Http\Runner::handle() - CORE\src\Http\Runner.php, line 73
Cake\Routing\Middleware\RoutingMiddleware::process() - CORE\src\Routing\Middleware\RoutingMiddleware.php, line 161
Cake\Http\Runner::handle() - CORE\src\Http\Runner.php, line 73
Cake\Routing\Middleware\AssetMiddleware::process() - CORE\src\Routing\Middleware\AssetMiddleware.php, line 68
Cake\Http\Runner::handle() - CORE\src\Http\Runner.php, line 73
Cake\Error\Middleware\ErrorHandlerMiddleware::process() - CORE\src\Error\Middleware\ErrorHandlerMiddleware.php, line 126
Cake\Http\Runner::handle() - CORE\src\Http\Runner.php, line 73
DebugKit\Middleware\DebugKitMiddleware::process() - ROOT\vendor\cakephp\debug_kit\src\Middleware\DebugKitMiddleware.php, line 60
Cake\Http\Runner::handle() - CORE\src\Http\Runner.php, line 73
Cake\Http\Runner::run() - CORE\src\Http\Runner.php, line 58
Cake\Http\Server::run() - CORE\src\Http\Server.php, line 90
[main] - ROOT\webroot\index.php, line 40

2024-08-16 12:09:59 Notice: Notice (8): Undefined variable: Length in [C:\xampp\htdocs\xampp\Clothing\templates\Dashboards\view.php, line 40]
Request URL: /Dashboards/view
Referer URL: http://localhost:8765/waterjets
Trace:
Cake\Error\BaseErrorHandler::handleError() - CORE\src\Error\BaseErrorHandler.php, line 188
DebugKit\Plugin::DebugKit\{closure}() - ROOT\vendor\cakephp\debug_kit\src\Plugin.php, line 105
include - ROOT\templates\Dashboards\view.php, line 40
Cake\View\View::_evaluate() - CORE\src\View\View.php, line 1176
Cake\View\View::_render() - CORE\src\View\View.php, line 1134
Cake\View\View::render() - CORE\src\View\View.php, line 764
Cake\Controller\Controller::render() - CORE\src\Controller\Controller.php, line 699
Cake\Controller\Controller::invokeAction() - CORE\src\Controller\Controller.php, line 540
Cake\Controller\ControllerFactory::invoke() - CORE\src\Controller\ControllerFactory.php, line 149
Cake\Http\BaseApplication::handle() - CORE\src\Http\BaseApplication.php, line 313
Cake\Http\Runner::handle() - CORE\src\Http\Runner.php, line 77
Authentication\Middleware\AuthenticationMiddleware::process() - ROOT\vendor\cakephp\authentication\src\Middleware\AuthenticationMiddleware.php, line 124
Cake\Http\Runner::handle() - CORE\src\Http\Runner.php, line 73
Cake\Http\Middleware\BodyParserMiddleware::process() - CORE\src\Http\Middleware\BodyParserMiddleware.php, line 157
Cake\Http\Runner::handle() - CORE\src\Http\Runner.php, line 73
Cake\Routing\Middleware\RoutingMiddleware::process() - CORE\src\Routing\Middleware\RoutingMiddleware.php, line 161
Cake\Http\Runner::handle() - CORE\src\Http\Runner.php, line 73
Cake\Routing\Middleware\AssetMiddleware::process() - CORE\src\Routing\Middleware\AssetMiddleware.php, line 68
Cake\Http\Runner::handle() - CORE\src\Http\Runner.php, line 73
Cake\Error\Middleware\ErrorHandlerMiddleware::process() - CORE\src\Error\Middleware\ErrorHandlerMiddleware.php, line 126
Cake\Http\Runner::handle() - CORE\src\Http\Runner.php, line 73
DebugKit\Middleware\DebugKitMiddleware::process() - ROOT\vendor\cakephp\debug_kit\src\Middleware\DebugKitMiddleware.php, line 60
Cake\Http\Runner::handle() - CORE\src\Http\Runner.php, line 73
Cake\Http\Runner::run() - CORE\src\Http\Runner.php, line 58
Cake\Http\Server::run() - CORE\src\Http\Server.php, line 90
[main] - ROOT\webroot\index.php, line 40

2024-08-16 12:09:59 Notice: Notice (8): Undefined variable: Length in [C:\xampp\htdocs\xampp\Clothing\templates\Dashboards\view.php, line 40]
Request URL: /Dashboards/view
Referer URL: http://localhost:8765/waterjets
Trace:
Cake\Error\BaseErrorHandler::handleError() - CORE\src\Error\BaseErrorHandler.php, line 188
DebugKit\Plugin::DebugKit\{closure}() - ROOT\vendor\cakephp\debug_kit\src\Plugin.php, line 105
include - ROOT\templates\Dashboards\view.php, line 40
Cake\View\View::_evaluate() - CORE\src\View\View.php, line 1176
Cake\View\View::_render() - CORE\src\View\View.php, line 1134
Cake\View\View::render() - CORE\src\View\View.php, line 764
Cake\Controller\Controller::render() - CORE\src\Controller\Controller.php, line 699
Cake\Controller\Controller::invokeAction() - CORE\src\Controller\Controller.php, line 540
Cake\Controller\ControllerFactory::invoke() - CORE\src\Controller\ControllerFactory.php, line 149
Cake\Http\BaseApplication::handle() - CORE\src\Http\BaseApplication.php, line 313
Cake\Http\Runner::handle() - CORE\src\Http\Runner.php, line 77
Authentication\Middleware\AuthenticationMiddleware::process() - ROOT\vendor\cakephp\authentication\src\Middleware\AuthenticationMiddleware.php, line 124
Cake\Http\Runner::handle() - CORE\src\Http\Runner.php, line 73
Cake\Http\Middleware\BodyParserMiddleware::process() - CORE\src\Http\Middleware\BodyParserMiddleware.php, line 157
Cake\Http\Runner::handle() - CORE\src\Http\Runner.php, line 73
Cake\Routing\Middleware\RoutingMiddleware::process() - CORE\src\Routing\Middleware\RoutingMiddleware.php, line 161
Cake\Http\Runner::handle() - CORE\src\Http\Runner.php, line 73
Cake\Routing\Middleware\AssetMiddleware::process() - CORE\src\Routing\Middleware\AssetMiddleware.php, line 68
Cake\Http\Runner::handle() - CORE\src\Http\Runner.php, line 73
Cake\Error\Middleware\ErrorHandlerMiddleware::process() - CORE\src\Error\Middleware\ErrorHandlerMiddleware.php, line 126
Cake\Http\Runner::handle() - CORE\src\Http\Runner.php, line 73
DebugKit\Middleware\DebugKitMiddleware::process() - ROOT\vendor\cakephp\debug_kit\src\Middleware\DebugKitMiddleware.php, line 60
Cake\Http\Runner::handle() - CORE\src\Http\Runner.php, line 73
Cake\Http\Runner::run() - CORE\src\Http\Runner.php, line 58
Cake\Http\Server::run() - CORE\src\Http\Server.php, line 90
[main] - ROOT\webroot\index.php, line 40

2024-08-16 12:09:59 Notice: Notice (8): Undefined variable: Length in [C:\xampp\htdocs\xampp\Clothing\templates\Dashboards\view.php, line 40]
Request URL: /Dashboards/view
Referer URL: http://localhost:8765/waterjets
Trace:
Cake\Error\BaseErrorHandler::handleError() - CORE\src\Error\BaseErrorHandler.php, line 188
DebugKit\Plugin::DebugKit\{closure}() - ROOT\vendor\cakephp\debug_kit\src\Plugin.php, line 105
include - ROOT\templates\Dashboards\view.php, line 40
Cake\View\View::_evaluate() - CORE\src\View\View.php, line 1176
Cake\View\View::_render() - CORE\src\View\View.php, line 1134
Cake\View\View::render() - CORE\src\View\View.php, line 764
Cake\Controller\Controller::render() - CORE\src\Controller\Controller.php, line 699
Cake\Controller\Controller::invokeAction() - CORE\src\Controller\Controller.php, line 540
Cake\Controller\ControllerFactory::invoke() - CORE\src\Controller\ControllerFactory.php, line 149
Cake\Http\BaseApplication::handle() - CORE\src\Http\BaseApplication.php, line 313
Cake\Http\Runner::handle() - CORE\src\Http\Runner.php, line 77
Authentication\Middleware\AuthenticationMiddleware::process() - ROOT\vendor\cakephp\authentication\src\Middleware\AuthenticationMiddleware.php, line 124
Cake\Http\Runner::handle() - CORE\src\Http\Runner.php, line 73
Cake\Http\Middleware\BodyParserMiddleware::process() - CORE\src\Http\Middleware\BodyParserMiddleware.php, line 157
Cake\Http\Runner::handle() - CORE\src\Http\Runner.php, line 73
Cake\Routing\Middleware\RoutingMiddleware::process() - CORE\src\Routing\Middleware\RoutingMiddleware.php, line 161
Cake\Http\Runner::handle() - CORE\src\Http\Runner.php, line 73
Cake\Routing\Middleware\AssetMiddleware::process() - CORE\src\Routing\Middleware\AssetMiddleware.php, line 68
Cake\Http\Runner::handle() - CORE\src\Http\Runner.php, line 73
Cake\Error\Middleware\ErrorHandlerMiddleware::process() - CORE\src\Error\Middleware\ErrorHandlerMiddleware.php, line 126
Cake\Http\Runner::handle() - CORE\src\Http\Runner.php, line 73
DebugKit\Middleware\DebugKitMiddleware::process() - ROOT\vendor\cakephp\debug_kit\src\Middleware\DebugKitMiddleware.php, line 60
Cake\Http\Runner::handle() - CORE\src\Http\Runner.php, line 73
Cake\Http\Runner::run() - CORE\src\Http\Runner.php, line 58
Cake\Http\Server::run() - CORE\src\Http\Server.php, line 90
[main] - ROOT\webroot\index.php, line 40

2024-08-16 12:09:59 Notice: Notice (8): Undefined variable: Length in [C:\xampp\htdocs\xampp\Clothing\templates\Dashboards\view.php, line 40]
Request URL: /Dashboards/view
Referer URL: http://localhost:8765/waterjets
Trace:
Cake\Error\BaseErrorHandler::handleError() - CORE\src\Error\BaseErrorHandler.php, line 188
DebugKit\Plugin::DebugKit\{closure}() - ROOT\vendor\cakephp\debug_kit\src\Plugin.php, line 105
include - ROOT\templates\Dashboards\view.php, line 40
Cake\View\View::_evaluate() - CORE\src\View\View.php, line 1176
Cake\View\View::_render() - CORE\src\View\View.php, line 1134
Cake\View\View::render() - CORE\src\View\View.php, line 764
Cake\Controller\Controller::render() - CORE\src\Controller\Controller.php, line 699
Cake\Controller\Controller::invokeAction() - CORE\src\Controller\Controller.php, line 540
Cake\Controller\ControllerFactory::invoke() - CORE\src\Controller\ControllerFactory.php, line 149
Cake\Http\BaseApplication::handle() - CORE\src\Http\BaseApplication.php, line 313
Cake\Http\Runner::handle() - CORE\src\Http\Runner.php, line 77
Authentication\Middleware\AuthenticationMiddleware::process() - ROOT\vendor\cakephp\authentication\src\Middleware\AuthenticationMiddleware.php, line 124
Cake\Http\Runner::handle() - CORE\src\Http\Runner.php, line 73
Cake\Http\Middleware\BodyParserMiddleware::process() - CORE\src\Http\Middleware\BodyParserMiddleware.php, line 157
Cake\Http\Runner::handle() - CORE\src\Http\Runner.php, line 73
Cake\Routing\Middleware\RoutingMiddleware::process() - CORE\src\Routing\Middleware\RoutingMiddleware.php, line 161
Cake\Http\Runner::handle() - CORE\src\Http\Runner.php, line 73
Cake\Routing\Middleware\AssetMiddleware::process() - CORE\src\Routing\Middleware\AssetMiddleware.php, line 68
Cake\Http\Runner::handle() - CORE\src\Http\Runner.php, line 73
Cake\Error\Middleware\ErrorHandlerMiddleware::process() - CORE\src\Error\Middleware\ErrorHandlerMiddleware.php, line 126
Cake\Http\Runner::handle() - CORE\src\Http\Runner.php, line 73
DebugKit\Middleware\DebugKitMiddleware::process() - ROOT\vendor\cakephp\debug_kit\src\Middleware\DebugKitMiddleware.php, line 60
Cake\Http\Runner::handle() - CORE\src\Http\Runner.php, line 73
Cake\Http\Runner::run() - CORE\src\Http\Runner.php, line 58
Cake\Http\Server::run() - CORE\src\Http\Server.php, line 90
[main] - ROOT\webroot\index.php, line 40

2024-08-16 12:25:04 Notice: Notice (8): Trying to get property 'name' of non-object in [C:\xampp\htdocs\xampp\Clothing\src\Controller\DashboardsController.php, line 53]
Request URL: /Dashboards/view
Referer URL: http://localhost:8765/foldings
Trace:
Cake\Error\BaseErrorHandler::handleError() - CORE\src\Error\BaseErrorHandler.php, line 188
DebugKit\Plugin::DebugKit\{closure}() - ROOT\vendor\cakephp\debug_kit\src\Plugin.php, line 105
App\Controller\DashboardsController::view() - APP/Controller\DashboardsController.php, line 53
Cake\Controller\Controller::invokeAction() - CORE\src\Controller\Controller.php, line 531
Cake\Controller\ControllerFactory::invoke() - CORE\src\Controller\ControllerFactory.php, line 149
Cake\Http\BaseApplication::handle() - CORE\src\Http\BaseApplication.php, line 313
Cake\Http\Runner::handle() - CORE\src\Http\Runner.php, line 77
Authentication\Middleware\AuthenticationMiddleware::process() - ROOT\vendor\cakephp\authentication\src\Middleware\AuthenticationMiddleware.php, line 124
Cake\Http\Runner::handle() - CORE\src\Http\Runner.php, line 73
Cake\Http\Middleware\BodyParserMiddleware::process() - CORE\src\Http\Middleware\BodyParserMiddleware.php, line 157
Cake\Http\Runner::handle() - CORE\src\Http\Runner.php, line 73
Cake\Routing\Middleware\RoutingMiddleware::process() - CORE\src\Routing\Middleware\RoutingMiddleware.php, line 161
Cake\Http\Runner::handle() - CORE\src\Http\Runner.php, line 73
Cake\Routing\Middleware\AssetMiddleware::process() - CORE\src\Routing\Middleware\AssetMiddleware.php, line 68
Cake\Http\Runner::handle() - CORE\src\Http\Runner.php, line 73
Cake\Error\Middleware\ErrorHandlerMiddleware::process() - CORE\src\Error\Middleware\ErrorHandlerMiddleware.php, line 126
Cake\Http\Runner::handle() - CORE\src\Http\Runner.php, line 73
DebugKit\Middleware\DebugKitMiddleware::process() - ROOT\vendor\cakephp\debug_kit\src\Middleware\DebugKitMiddleware.php, line 60
Cake\Http\Runner::handle() - CORE\src\Http\Runner.php, line 73
Cake\Http\Runner::run() - CORE\src\Http\Runner.php, line 58
Cake\Http\Server::run() - CORE\src\Http\Server.php, line 90
[main] - ROOT\webroot\index.php, line 40

2024-08-16 12:25:09 Notice: Notice (8): Trying to get property 'name' of non-object in [C:\xampp\htdocs\xampp\Clothing\src\Controller\DashboardsController.php, line 53]
Request URL: /Dashboards/view
Referer URL: http://localhost:8765/foldings
Trace:
Cake\Error\BaseErrorHandler::handleError() - CORE\src\Error\BaseErrorHandler.php, line 188
DebugKit\Plugin::DebugKit\{closure}() - ROOT\vendor\cakephp\debug_kit\src\Plugin.php, line 105
App\Controller\DashboardsController::view() - APP/Controller\DashboardsController.php, line 53
Cake\Controller\Controller::invokeAction() - CORE\src\Controller\Controller.php, line 531
Cake\Controller\ControllerFactory::invoke() - CORE\src\Controller\ControllerFactory.php, line 149
Cake\Http\BaseApplication::handle() - CORE\src\Http\BaseApplication.php, line 313
Cake\Http\Runner::handle() - CORE\src\Http\Runner.php, line 77
Authentication\Middleware\AuthenticationMiddleware::process() - ROOT\vendor\cakephp\authentication\src\Middleware\AuthenticationMiddleware.php, line 124
Cake\Http\Runner::handle() - CORE\src\Http\Runner.php, line 73
Cake\Http\Middleware\BodyParserMiddleware::process() - CORE\src\Http\Middleware\BodyParserMiddleware.php, line 157
Cake\Http\Runner::handle() - CORE\src\Http\Runner.php, line 73
Cake\Routing\Middleware\RoutingMiddleware::process() - CORE\src\Routing\Middleware\RoutingMiddleware.php, line 161
Cake\Http\Runner::handle() - CORE\src\Http\Runner.php, line 73
Cake\Routing\Middleware\AssetMiddleware::process() - CORE\src\Routing\Middleware\AssetMiddleware.php, line 68
Cake\Http\Runner::handle() - CORE\src\Http\Runner.php, line 73
Cake\Error\Middleware\ErrorHandlerMiddleware::process() - CORE\src\Error\Middleware\ErrorHandlerMiddleware.php, line 126
Cake\Http\Runner::handle() - CORE\src\Http\Runner.php, line 73
DebugKit\Middleware\DebugKitMiddleware::process() - ROOT\vendor\cakephp\debug_kit\src\Middleware\DebugKitMiddleware.php, line 60
Cake\Http\Runner::handle() - CORE\src\Http\Runner.php, line 73
Cake\Http\Runner::run() - CORE\src\Http\Runner.php, line 58
Cake\Http\Server::run() - CORE\src\Http\Server.php, line 90
[main] - ROOT\webroot\index.php, line 40

2024-08-16 12:25:15 Notice: Notice (8): Trying to get property 'name' of non-object in [C:\xampp\htdocs\xampp\Clothing\src\Controller\DashboardsController.php, line 53]
Request URL: /Dashboards/view
Referer URL: http://localhost:8765/foldings
Trace:
Cake\Error\BaseErrorHandler::handleError() - CORE\src\Error\BaseErrorHandler.php, line 188
DebugKit\Plugin::DebugKit\{closure}() - ROOT\vendor\cakephp\debug_kit\src\Plugin.php, line 105
App\Controller\DashboardsController::view() - APP/Controller\DashboardsController.php, line 53
Cake\Controller\Controller::invokeAction() - CORE\src\Controller\Controller.php, line 531
Cake\Controller\ControllerFactory::invoke() - CORE\src\Controller\ControllerFactory.php, line 149
Cake\Http\BaseApplication::handle() - CORE\src\Http\BaseApplication.php, line 313
Cake\Http\Runner::handle() - CORE\src\Http\Runner.php, line 77
Authentication\Middleware\AuthenticationMiddleware::process() - ROOT\vendor\cakephp\authentication\src\Middleware\AuthenticationMiddleware.php, line 124
Cake\Http\Runner::handle() - CORE\src\Http\Runner.php, line 73
Cake\Http\Middleware\BodyParserMiddleware::process() - CORE\src\Http\Middleware\BodyParserMiddleware.php, line 157
Cake\Http\Runner::handle() - CORE\src\Http\Runner.php, line 73
Cake\Routing\Middleware\RoutingMiddleware::process() - CORE\src\Routing\Middleware\RoutingMiddleware.php, line 161
Cake\Http\Runner::handle() - CORE\src\Http\Runner.php, line 73
Cake\Routing\Middleware\AssetMiddleware::process() - CORE\src\Routing\Middleware\AssetMiddleware.php, line 68
Cake\Http\Runner::handle() - CORE\src\Http\Runner.php, line 73
Cake\Error\Middleware\ErrorHandlerMiddleware::process() - CORE\src\Error\Middleware\ErrorHandlerMiddleware.php, line 126
Cake\Http\Runner::handle() - CORE\src\Http\Runner.php, line 73
DebugKit\Middleware\DebugKitMiddleware::process() - ROOT\vendor\cakephp\debug_kit\src\Middleware\DebugKitMiddleware.php, line 60
Cake\Http\Runner::handle() - CORE\src\Http\Runner.php, line 73
Cake\Http\Runner::run() - CORE\src\Http\Runner.php, line 58
Cake\Http\Server::run() - CORE\src\Http\Server.php, line 90
[main] - ROOT\webroot\index.php, line 40

2024-08-16 12:25:22 Notice: Notice (8): Trying to get property 'name' of non-object in [C:\xampp\htdocs\xampp\Clothing\src\Controller\DashboardsController.php, line 53]
Request URL: /Dashboards/view
Referer URL: http://localhost:8765/foldings
Trace:
Cake\Error\BaseErrorHandler::handleError() - CORE\src\Error\BaseErrorHandler.php, line 188
DebugKit\Plugin::DebugKit\{closure}() - ROOT\vendor\cakephp\debug_kit\src\Plugin.php, line 105
App\Controller\DashboardsController::view() - APP/Controller\DashboardsController.php, line 53
Cake\Controller\Controller::invokeAction() - CORE\src\Controller\Controller.php, line 531
Cake\Controller\ControllerFactory::invoke() - CORE\src\Controller\ControllerFactory.php, line 149
Cake\Http\BaseApplication::handle() - CORE\src\Http\BaseApplication.php, line 313
Cake\Http\Runner::handle() - CORE\src\Http\Runner.php, line 77
Authentication\Middleware\AuthenticationMiddleware::process() - ROOT\vendor\cakephp\authentication\src\Middleware\AuthenticationMiddleware.php, line 124
Cake\Http\Runner::handle() - CORE\src\Http\Runner.php, line 73
Cake\Http\Middleware\BodyParserMiddleware::process() - CORE\src\Http\Middleware\BodyParserMiddleware.php, line 157
Cake\Http\Runner::handle() - CORE\src\Http\Runner.php, line 73
Cake\Routing\Middleware\RoutingMiddleware::process() - CORE\src\Routing\Middleware\RoutingMiddleware.php, line 161
Cake\Http\Runner::handle() - CORE\src\Http\Runner.php, line 73
Cake\Routing\Middleware\AssetMiddleware::process() - CORE\src\Routing\Middleware\AssetMiddleware.php, line 68
Cake\Http\Runner::handle() - CORE\src\Http\Runner.php, line 73
Cake\Error\Middleware\ErrorHandlerMiddleware::process() - CORE\src\Error\Middleware\ErrorHandlerMiddleware.php, line 126
Cake\Http\Runner::handle() - CORE\src\Http\Runner.php, line 73
DebugKit\Middleware\DebugKitMiddleware::process() - ROOT\vendor\cakephp\debug_kit\src\Middleware\DebugKitMiddleware.php, line 60
Cake\Http\Runner::handle() - CORE\src\Http\Runner.php, line 73
Cake\Http\Runner::run() - CORE\src\Http\Runner.php, line 58
Cake\Http\Server::run() - CORE\src\Http\Server.php, line 90
[main] - ROOT\webroot\index.php, line 40

2024-08-16 12:31:45 Notice: Notice (8): Undefined property: Cake\ORM\ResultSet::$L in [C:\xampp\htdocs\xampp\Clothing\src\Controller\DashboardsController.php, line 46]
Request URL: /Dashboards/view
Referer URL: http://localhost:8765/foldings
Trace:
Cake\Error\BaseErrorHandler::handleError() - CORE\src\Error\BaseErrorHandler.php, line 188
DebugKit\Plugin::DebugKit\{closure}() - ROOT\vendor\cakephp\debug_kit\src\Plugin.php, line 105
App\Controller\DashboardsController::view() - APP/Controller\DashboardsController.php, line 46
Cake\Controller\Controller::invokeAction() - CORE\src\Controller\Controller.php, line 531
Cake\Controller\ControllerFactory::invoke() - CORE\src\Controller\ControllerFactory.php, line 149
Cake\Http\BaseApplication::handle() - CORE\src\Http\BaseApplication.php, line 313
Cake\Http\Runner::handle() - CORE\src\Http\Runner.php, line 77
Authentication\Middleware\AuthenticationMiddleware::process() - ROOT\vendor\cakephp\authentication\src\Middleware\AuthenticationMiddleware.php, line 124
Cake\Http\Runner::handle() - CORE\src\Http\Runner.php, line 73
Cake\Http\Middleware\BodyParserMiddleware::process() - CORE\src\Http\Middleware\BodyParserMiddleware.php, line 157
Cake\Http\Runner::handle() - CORE\src\Http\Runner.php, line 73
Cake\Routing\Middleware\RoutingMiddleware::process() - CORE\src\Routing\Middleware\RoutingMiddleware.php, line 161
Cake\Http\Runner::handle() - CORE\src\Http\Runner.php, line 73
Cake\Routing\Middleware\AssetMiddleware::process() - CORE\src\Routing\Middleware\AssetMiddleware.php, line 68
Cake\Http\Runner::handle() - CORE\src\Http\Runner.php, line 73
Cake\Error\Middleware\ErrorHandlerMiddleware::process() - CORE\src\Error\Middleware\ErrorHandlerMiddleware.php, line 126
Cake\Http\Runner::handle() - CORE\src\Http\Runner.php, line 73
DebugKit\Middleware\DebugKitMiddleware::process() - ROOT\vendor\cakephp\debug_kit\src\Middleware\DebugKitMiddleware.php, line 60
Cake\Http\Runner::handle() - CORE\src\Http\Runner.php, line 73
Cake\Http\Runner::run() - CORE\src\Http\Runner.php, line 58
Cake\Http\Server::run() - CORE\src\Http\Server.php, line 90
[main] - ROOT\webroot\index.php, line 40

2024-08-16 12:31:45 Notice: Notice (8): Undefined property: Cake\ORM\ResultSet::$number in [C:\xampp\htdocs\xampp\Clothing\src\Controller\DashboardsController.php, line 47]
Request URL: /Dashboards/view
Referer URL: http://localhost:8765/foldings
Trace:
Cake\Error\BaseErrorHandler::handleError() - CORE\src\Error\BaseErrorHandler.php, line 188
DebugKit\Plugin::DebugKit\{closure}() - ROOT\vendor\cakephp\debug_kit\src\Plugin.php, line 105
App\Controller\DashboardsController::view() - APP/Controller\DashboardsController.php, line 47
Cake\Controller\Controller::invokeAction() - CORE\src\Controller\Controller.php, line 531
Cake\Controller\ControllerFactory::invoke() - CORE\src\Controller\ControllerFactory.php, line 149
Cake\Http\BaseApplication::handle() - CORE\src\Http\BaseApplication.php, line 313
Cake\Http\Runner::handle() - CORE\src\Http\Runner.php, line 77
Authentication\Middleware\AuthenticationMiddleware::process() - ROOT\vendor\cakephp\authentication\src\Middleware\AuthenticationMiddleware.php, line 124
Cake\Http\Runner::handle() - CORE\src\Http\Runner.php, line 73
Cake\Http\Middleware\BodyParserMiddleware::process() - CORE\src\Http\Middleware\BodyParserMiddleware.php, line 157
Cake\Http\Runner::handle() - CORE\src\Http\Runner.php, line 73
Cake\Routing\Middleware\RoutingMiddleware::process() - CORE\src\Routing\Middleware\RoutingMiddleware.php, line 161
Cake\Http\Runner::handle() - CORE\src\Http\Runner.php, line 73
Cake\Routing\Middleware\AssetMiddleware::process() - CORE\src\Routing\Middleware\AssetMiddleware.php, line 68
Cake\Http\Runner::handle() - CORE\src\Http\Runner.php, line 73
Cake\Error\Middleware\ErrorHandlerMiddleware::process() - CORE\src\Error\Middleware\ErrorHandlerMiddleware.php, line 126
Cake\Http\Runner::handle() - CORE\src\Http\Runner.php, line 73
DebugKit\Middleware\DebugKitMiddleware::process() - ROOT\vendor\cakephp\debug_kit\src\Middleware\DebugKitMiddleware.php, line 60
Cake\Http\Runner::handle() - CORE\src\Http\Runner.php, line 73
Cake\Http\Runner::run() - CORE\src\Http\Runner.php, line 58
Cake\Http\Server::run() - CORE\src\Http\Server.php, line 90
[main] - ROOT\webroot\index.php, line 40

