2024-08-16 16:38:46 Warning: Warning (2): Invalid argument supplied for foreach() in [C:\xampp\htdocs\xampp\Clothing\templates\Dashboards4\view.php, line 60]
Request URL: /Dashboards4/view
Referer URL: http://localhost:8765/users/login?redirect=%2FDashboards4%2Fview
Trace:
Cake\Error\BaseErrorHandler::handleError() - CORE\src\Error\BaseErrorHandler.php, line 188
DebugKit\Plugin::DebugKit\{closure}() - ROOT\vendor\cakephp\debug_kit\src\Plugin.php, line 105
include - ROOT\templates\Dashboards4\view.php, line 60
Cake\View\View::_evaluate() - CORE\src\View\View.php, line 1176
Cake\View\View::_render() - CORE\src\View\View.php, line 1134
Cake\View\View::render() - CORE\src\View\View.php, line 764
Cake\Controller\Controller::render() - CORE\src\Controller\Controller.php, line 699
Cake\Controller\Controller::invokeAction() - CORE\src\Controller\Controller.php, line 540
Cake\Controller\ControllerFactory::invoke() - CORE\src\Controller\ControllerFactory.php, line 149
Cake\Http\BaseApplication::handle() - CORE\src\Http\BaseApplication.php, line 313
Cake\Http\Runner::handle() - CORE\src\Http\Runner.php, line 77
Authentication\Middleware\AuthenticationMiddleware::process() - ROOT\vendor\cakephp\authentication\src\Middleware\AuthenticationMiddleware.php, line 124
Cake\Http\Runner::handle() - CORE\src\Http\Runner.php, line 73
Cake\Http\Middleware\BodyParserMiddleware::process() - CORE\src\Http\Middleware\BodyParserMiddleware.php, line 157
Cake\Http\Runner::handle() - CORE\src\Http\Runner.php, line 73
Cake\Routing\Middleware\RoutingMiddleware::process() - CORE\src\Routing\Middleware\RoutingMiddleware.php, line 161
Cake\Http\Runner::handle() - CORE\src\Http\Runner.php, line 73
Cake\Routing\Middleware\AssetMiddleware::process() - CORE\src\Routing\Middleware\AssetMiddleware.php, line 68
Cake\Http\Runner::handle() - CORE\src\Http\Runner.php, line 73
Cake\Error\Middleware\ErrorHandlerMiddleware::process() - CORE\src\Error\Middleware\ErrorHandlerMiddleware.php, line 126
Cake\Http\Runner::handle() - CORE\src\Http\Runner.php, line 73
DebugKit\Middleware\DebugKitMiddleware::process() - ROOT\vendor\cakephp\debug_kit\src\Middleware\DebugKitMiddleware.php, line 60
Cake\Http\Runner::handle() - CORE\src\Http\Runner.php, line 73
Cake\Http\Runner::run() - CORE\src\Http\Runner.php, line 58
Cake\Http\Server::run() - CORE\src\Http\Server.php, line 90
[main] - ROOT\webroot\index.php, line 40

2024-08-16 16:44:27 Error: [ParseError] syntax error, unexpected '}' in C:\xampp\htdocs\xampp\Clothing\src\Controller\Dashboards4Controller.php on line 209
Stack Trace:
- C:\xampp\htdocs\xampp\Clothing\vendor\composer\ClassLoader.php:427
- spl_autoload_call - [internal], line ??- class_exists - [internal], line ??- C:\xampp\htdocs\xampp\Clothing\vendor\cakephp\cakephp\src\Core\App.php:158
- C:\xampp\htdocs\xampp\Clothing\vendor\cakephp\cakephp\src\Core\App.php:66
- C:\xampp\htdocs\xampp\Clothing\vendor\cakephp\cakephp\src\Controller\ControllerFactory.php:215
- C:\xampp\htdocs\xampp\Clothing\vendor\cakephp\cakephp\src\Controller\ControllerFactory.php:63
- C:\xampp\htdocs\xampp\Clothing\vendor\cakephp\cakephp\src\Http\BaseApplication.php:311
- C:\xampp\htdocs\xampp\Clothing\vendor\cakephp\cakephp\src\Http\Runner.php:77
- C:\xampp\htdocs\xampp\Clothing\vendor\cakephp\authentication\src\Middleware\AuthenticationMiddleware.php:124
- C:\xampp\htdocs\xampp\Clothing\vendor\cakephp\cakephp\src\Http\Runner.php:73
- C:\xampp\htdocs\xampp\Clothing\vendor\cakephp\cakephp\src\Http\Middleware\BodyParserMiddleware.php:157
- C:\xampp\htdocs\xampp\Clothing\vendor\cakephp\cakephp\src\Http\Runner.php:73
- C:\xampp\htdocs\xampp\Clothing\vendor\cakephp\cakephp\src\Routing\Middleware\RoutingMiddleware.php:161
- C:\xampp\htdocs\xampp\Clothing\vendor\cakephp\cakephp\src\Http\Runner.php:73
- C:\xampp\htdocs\xampp\Clothing\vendor\cakephp\cakephp\src\Routing\Middleware\AssetMiddleware.php:68
- C:\xampp\htdocs\xampp\Clothing\vendor\cakephp\cakephp\src\Http\Runner.php:73
- C:\xampp\htdocs\xampp\Clothing\vendor\cakephp\cakephp\src\Error\Middleware\ErrorHandlerMiddleware.php:126
- C:\xampp\htdocs\xampp\Clothing\vendor\cakephp\cakephp\src\Http\Runner.php:73
- C:\xampp\htdocs\xampp\Clothing\vendor\cakephp\debug_kit\src\Middleware\DebugKitMiddleware.php:60
- C:\xampp\htdocs\xampp\Clothing\vendor\cakephp\cakephp\src\Http\Runner.php:73
- C:\xampp\htdocs\xampp\Clothing\vendor\cakephp\cakephp\src\Http\Runner.php:58
- C:\xampp\htdocs\xampp\Clothing\vendor\cakephp\cakephp\src\Http\Server.php:90
- C:\xampp\htdocs\xampp\Clothing\webroot\index.php:40

Request URL: /Dashboards4/view
Referer URL: http://localhost:8765/waterjets


